<?xml version="1.0" encoding="UTF-8"?>
<testsuites name="Test_Suite_Katlon_demo_Application" time="31.308" tests="2" failures="0" errors="0">
   <testsuite name="Test_Suite_Katlon_demo_Application" tests="2" failures="0" errors="0" time="31.308" skipped="0" timestamp="2023-11-22 14:28:02" hostname="ADMIN - MeghasriK" id="Test Suites/katlon_demo_Application/Test_Suite_Katlon_demo_Application">
      <properties>
         <property name="deviceName" value=""/>
         <property name="devicePlatform" value=""/>
         <property name="logFolder" value="C:\\Users\\ADMIN\\git\\Katalon-to-Git\\My_Katalon_1st_DemoProject_Msk\\Reports\\20231122_142748\\katlon_demo_Application\\Test_Suite_Katlon_demo_Application\\20231122_142749"/>
         <property name="logFiles" value="C:\\Users\\ADMIN\\git\\Katalon-to-Git\\My_Katalon_1st_DemoProject_Msk\\Reports\\20231122_142748\\katlon_demo_Application\\Test_Suite_Katlon_demo_Application\\20231122_142749\\execution0.log"/>
         <property name="attachments" value=""/>
         <property name="hostName" value="ADMIN - MeghasriK"/>
         <property name="os" value="Windows 11 64bit"/>
         <property name="katalonVersion" value="8.6.8.208"/>
         <property name="browser" value="Chrome 119.0.0.0"/>
         <property name="hostAddress" value="192.168.1.7"/>
         <property name="sessionId" value="365c2de19ee278ac108102b993278710"/>
         <property name="seleniumVersion" value="3.141.59"/>
         <property name="proxyInformation" value="ProxyInformation { proxyOption=NO_PROXY, proxyServerType=HTTP, username=, password=********, proxyServerAddress=, proxyServerPort=0, executionList=&quot;&quot;, isApplyToDesiredCapabilities=true }"/>
         <property name="platform" value="Windows 11"/>
      </properties>
      <testcase name="Test Cases/katlon_demo_/katlon_demo_application" time="13.631" classname="Test Cases/katlon_demo_/katlon_demo_application" status="PASSED">
         <system-out><![CDATA[2023-11-22 14:28:03 - [TEST_CASE][PASSED] - Test Cases/katlon_demo_/katlon_demo_application: Test Cases/katlon_demo_/katlon_demo_application

2023-11-22 14:28:03 - [TEST_STEP][PASSED] - openBrowser(""): Browser is opened with url: ''

2023-11-22 14:28:03 - [MESSAGE][INFO] - Starting 'Chrome' driver

2023-11-22 14:28:03 - [MESSAGE][INFO] - Action delay is set to 0 milliseconds

2023-11-22 14:28:06 - [MESSAGE][PASSED] - Browser is opened with url: ''

2023-11-22 14:28:06 - [TEST_STEP][PASSED] - navigateToUrl("https://katalon-demo-cura.herokuapp.com/"): Navigate to 'https://katalon-demo-cura.herokuapp.com/' successfully

2023-11-22 14:28:08 - [MESSAGE][PASSED] - Navigate to 'https://katalon-demo-cura.herokuapp.com/' successfully

2023-11-22 14:28:08 - [TEST_STEP][PASSED] - click(findTestObject("Object Repository/Page_CURA Healthcare Service/a_Make Appointment")): Object: 'Object Repository/Page_CURA Healthcare Service/a_Make Appointment' is clicked on

2023-11-22 14:28:09 - [MESSAGE][PASSED] - Object: 'Object Repository/Page_CURA Healthcare Service/a_Make Appointment' is clicked on

2023-11-22 14:28:09 - [TEST_STEP][PASSED] - click(findTestObject("Object Repository/Page_CURA Healthcare Service/input_Demo account_form-control")): Object: 'Object Repository/Page_CURA Healthcare Service/input_Demo account_form-control' is clicked on

2023-11-22 14:28:10 - [MESSAGE][PASSED] - Object: 'Object Repository/Page_CURA Healthcare Service/input_Demo account_form-control' is clicked on

2023-11-22 14:28:10 - [TEST_STEP][PASSED] - setText(findTestObject("Object Repository/Page_CURA Healthcare Service/input_Username_username"), "John Doe"): Text 'John Doe' is set on object 'Object Repository/Page_CURA Healthcare Service/input_Username_username'

2023-11-22 14:28:10 - [MESSAGE][PASSED] - Text 'John Doe' is set on object 'Object Repository/Page_CURA Healthcare Service/input_Username_username'

2023-11-22 14:28:10 - [TEST_STEP][PASSED] - click(findTestObject("Object Repository/Page_CURA Healthcare Service/input_Demo account_form-control_1")): Object: 'Object Repository/Page_CURA Healthcare Service/input_Demo account_form-control_1' is clicked on

2023-11-22 14:28:11 - [MESSAGE][PASSED] - Object: 'Object Repository/Page_CURA Healthcare Service/input_Demo account_form-control_1' is clicked on

2023-11-22 14:28:11 - [TEST_STEP][PASSED] - setEncryptedText(findTestObject("Object Repository/Page_CURA Healthcare Service/input_Password_password"), "g3/DOGG74jC3Flrr3yH+3D/yKbOqqUNM"): Text ****** has been set on object 'Object Repository/Page_CURA Healthcare Service/input_Password_password'

2023-11-22 14:28:11 - [MESSAGE][PASSED] - Text ****** has been set on object 'Object Repository/Page_CURA Healthcare Service/input_Password_password'

2023-11-22 14:28:11 - [TEST_STEP][PASSED] - click(findTestObject("Object Repository/Page_CURA Healthcare Service/button_Login")): Object: 'Object Repository/Page_CURA Healthcare Service/button_Login' is clicked on

2023-11-22 14:28:12 - [MESSAGE][PASSED] - Object: 'Object Repository/Page_CURA Healthcare Service/button_Login' is clicked on

2023-11-22 14:28:12 - [TEST_STEP][PASSED] - doubleClick(findTestObject("Object Repository/Page_CURA Healthcare Service/div_Visit Date (Required)_input-group-addon")): Object: 'Object Repository/Page_CURA Healthcare Service/div_Visit Date (Required)_input-group-addon' is double clicked on

2023-11-22 14:28:13 - [MESSAGE][PASSED] - Object: 'Object Repository/Page_CURA Healthcare Service/div_Visit Date (Required)_input-group-addon' is double clicked on

2023-11-22 14:28:13 - [TEST_STEP][PASSED] - click(findTestObject("Object Repository/Page_CURA Healthcare Service/td_23")): Object: 'Object Repository/Page_CURA Healthcare Service/td_23' is clicked on

2023-11-22 14:28:13 - [MESSAGE][PASSED] - Object: 'Object Repository/Page_CURA Healthcare Service/td_23' is clicked on

2023-11-22 14:28:13 - [TEST_STEP][PASSED] - setText(findTestObject("Object Repository/Page_CURA Healthcare Service/textarea_Comment_comment"), "megha"): Text 'megha' is set on object 'Object Repository/Page_CURA Healthcare Service/textarea_Comment_comment'

2023-11-22 14:28:14 - [MESSAGE][PASSED] - Text 'megha' is set on object 'Object Repository/Page_CURA Healthcare Service/textarea_Comment_comment'

2023-11-22 14:28:14 - [TEST_STEP][PASSED] - click(findTestObject("Object Repository/Page_CURA Healthcare Service/button_Book Appointment")): Object: 'Object Repository/Page_CURA Healthcare Service/button_Book Appointment' is clicked on

2023-11-22 14:28:15 - [MESSAGE][PASSED] - Object: 'Object Repository/Page_CURA Healthcare Service/button_Book Appointment' is clicked on

2023-11-22 14:28:15 - [TEST_STEP][PASSED] - click(findTestObject("Object Repository/Page_CURA Healthcare Service/a_Go to Homepage")): Object: 'Object Repository/Page_CURA Healthcare Service/a_Go to Homepage' is clicked on

2023-11-22 14:28:16 - [MESSAGE][PASSED] - Object: 'Object Repository/Page_CURA Healthcare Service/a_Go to Homepage' is clicked on

2023-11-22 14:28:16 - [TEST_STEP][PASSED] - closeBrowser(): Browser is closed

2023-11-22 14:28:16 - [MESSAGE][PASSED] - Browser is closed]]></system-out>
         <system-err><![CDATA[]]></system-err>
      </testcase>
      <testcase name="Test Cases/JPetStore/My 3rd Test Case" time="17.338" classname="Test Cases/JPetStore/My 3rd Test Case" status="PASSED">
         <system-out><![CDATA[2023-11-22 14:28:16 - [TEST_CASE][PASSED] - Test Cases/JPetStore/My 3rd Test Case: Test Cases/JPetStore/My 3rd Test Case

2023-11-22 14:28:17 - [TEST_STEP][PASSED] - openBrowser(""): Browser is opened with url: ''

2023-11-22 14:28:17 - [MESSAGE][INFO] - Starting 'Chrome' driver

2023-11-22 14:28:17 - [MESSAGE][INFO] - Action delay is set to 0 milliseconds

2023-11-22 14:28:18 - [MESSAGE][PASSED] - Browser is opened with url: ''

2023-11-22 14:28:18 - [TEST_STEP][PASSED] - navigateToUrl("https://www.advantageonlineshopping.com/#/"): Navigate to 'https://www.advantageonlineshopping.com/#/' successfully

2023-11-22 14:28:20 - [MESSAGE][PASSED] - Navigate to 'https://www.advantageonlineshopping.com/#/' successfully

2023-11-22 14:28:20 - [TEST_STEP][PASSED] - click(findTestObject("Object Repository/Page_Advantage Shopping/div_SPEAKERS                        Shop Now")): Object: 'Object Repository/Page_Advantage Shopping/div_SPEAKERS                        Shop Now' is clicked on

2023-11-22 14:28:25 - [MESSAGE][PASSED] - Object: 'Object Repository/Page_Advantage Shopping/div_SPEAKERS                        Shop Now' is clicked on

2023-11-22 14:28:25 - [TEST_STEP][PASSED] - click(findTestObject("Object Repository/Page_Advantage Shopping/button_BUY NOW")): Object: 'Object Repository/Page_Advantage Shopping/button_BUY NOW' is clicked on

2023-11-22 14:28:28 - [MESSAGE][PASSED] - Object: 'Object Repository/Page_Advantage Shopping/button_BUY NOW' is clicked on

2023-11-22 14:28:28 - [TEST_STEP][PASSED] - click(findTestObject("Object Repository/Page_Advantage Shopping/span_Color_rabbit")): Object: 'Object Repository/Page_Advantage Shopping/span_Color_rabbit' is clicked on

2023-11-22 14:28:30 - [MESSAGE][PASSED] - Object: 'Object Repository/Page_Advantage Shopping/span_Color_rabbit' is clicked on

2023-11-22 14:28:30 - [TEST_STEP][PASSED] - click(findTestObject("Object Repository/Page_Advantage Shopping/button_ADD TO CART")): Object: 'Object Repository/Page_Advantage Shopping/button_ADD TO CART' is clicked on

2023-11-22 14:28:30 - [MESSAGE][PASSED] - Object: 'Object Repository/Page_Advantage Shopping/button_ADD TO CART' is clicked on

2023-11-22 14:28:30 - [TEST_STEP][PASSED] - click(findTestObject("Object Repository/Page_Advantage Shopping/button_CHECKOUT  (200.00)")): Object: 'Object Repository/Page_Advantage Shopping/button_CHECKOUT  (200.00)' is clicked on

2023-11-22 14:28:31 - [MESSAGE][PASSED] - Object: 'Object Repository/Page_Advantage Shopping/button_CHECKOUT  (200.00)' is clicked on

2023-11-22 14:28:31 - [TEST_STEP][PASSED] - click(findTestObject("Object Repository/Page_Advantage Shopping/button_CHECKOUT  (200.00)")): Object: 'Object Repository/Page_Advantage Shopping/button_CHECKOUT  (200.00)' is clicked on

2023-11-22 14:28:32 - [MESSAGE][PASSED] - Object: 'Object Repository/Page_Advantage Shopping/button_CHECKOUT  (200.00)' is clicked on

2023-11-22 14:28:32 - [TEST_STEP][PASSED] - click(findTestObject("Object Repository/Page_Advantage Shopping/button_CHECKOUT  (200.00)")): Object: 'Object Repository/Page_Advantage Shopping/button_CHECKOUT  (200.00)' is clicked on

2023-11-22 14:28:32 - [MESSAGE][PASSED] - Object: 'Object Repository/Page_Advantage Shopping/button_CHECKOUT  (200.00)' is clicked on

2023-11-22 14:28:32 - [TEST_STEP][PASSED] - rightClick(findTestObject("Object Repository/Page_Advantage Shopping/button_CHECKOUT  (200.00)")): Object: 'Object Repository/Page_Advantage Shopping/button_CHECKOUT  (200.00)' is right clicked on

2023-11-22 14:28:33 - [MESSAGE][PASSED] - Object: 'Object Repository/Page_Advantage Shopping/button_CHECKOUT  (200.00)' is right clicked on

2023-11-22 14:28:33 - [TEST_STEP][PASSED] - click(findTestObject("Object Repository/Page_Advantage Shopping/button_CHECKOUT  (200.00)")): Object: 'Object Repository/Page_Advantage Shopping/button_CHECKOUT  (200.00)' is clicked on

2023-11-22 14:28:33 - [MESSAGE][PASSED] - Object: 'Object Repository/Page_Advantage Shopping/button_CHECKOUT  (200.00)' is clicked on

2023-11-22 14:28:33 - [TEST_STEP][PASSED] - closeBrowser(): Browser is closed

2023-11-22 14:28:34 - [MESSAGE][PASSED] - Browser is closed]]></system-out>
         <system-err><![CDATA[]]></system-err>
      </testcase>
      <system-out><![CDATA[2023-11-22 14:28:02 - [TEST_SUITE][PASSED] - Test_Suite_Katlon_demo_Application: Test Cases/JPetStore/My 3rd Test Case]]></system-out>
      <system-err><![CDATA[]]></system-err>
   </testsuite>
</testsuites>
