<?xml version="1.0" encoding="UTF-8"?>
<testsuites name="New Test Suite Collection_KAtlon_Demo" time="130.505" tests="5" failures="0" errors="0">
   <testsuite name="Test_Suite_Katlon_demo_Application" tests="2" failures="0" errors="0" time="35.485" skipped="0" timestamp="2023-11-23 12:13:29" hostname="ADMIN - MeghasriK" id="Test Suites/katlon_demo_Application/Test_Suite_Katlon_demo_Application">
      <properties>
         <property name="deviceName" value=""/>
         <property name="devicePlatform" value=""/>
         <property name="logFolder" value="C:\\Users\\ADMIN\\git\\Katalon-to-Git\\My_Katalon_1st_DemoProject_Msk\\Reports\\20231123_121313\\katlon_demo_Application\\Test_Suite_Katlon_demo_Application\\20231123_121314"/>
         <property name="logFiles" value="C:\\Users\\ADMIN\\git\\Katalon-to-Git\\My_Katalon_1st_DemoProject_Msk\\Reports\\20231123_121313\\katlon_demo_Application\\Test_Suite_Katlon_demo_Application\\20231123_121314\\execution0.log"/>
         <property name="attachments" value=""/>
         <property name="hostName" value="ADMIN - MeghasriK"/>
         <property name="os" value="Windows 11 64bit"/>
         <property name="katalonVersion" value="8.6.8.208"/>
         <property name="browser" value="Chrome 119.0.0.0"/>
         <property name="hostAddress" value="192.168.1.16"/>
         <property name="sessionId" value="ed13e546002c7d05311bbd55f15a3945"/>
         <property name="seleniumVersion" value="3.141.59"/>
         <property name="proxyInformation" value="ProxyInformation { proxyOption=NO_PROXY, proxyServerType=HTTP, username=, password=********, proxyServerAddress=, proxyServerPort=0, executionList=&quot;&quot;, isApplyToDesiredCapabilities=true }"/>
         <property name="platform" value="Windows 11"/>
      </properties>
      <testcase name="Test Cases/katlon_demo_/katlon_demo_application" time="14.852" classname="Test Cases/katlon_demo_/katlon_demo_application" status="PASSED">
         <system-out><![CDATA[2023-11-23 12:13:29 - [TEST_CASE][PASSED] - Test Cases/katlon_demo_/katlon_demo_application: Test Cases/katlon_demo_/katlon_demo_application

2023-11-23 12:13:29 - [TEST_STEP][PASSED] - openBrowser(""): Browser is opened with url: ''

2023-11-23 12:13:30 - [MESSAGE][INFO] - Starting 'Chrome' driver

2023-11-23 12:13:30 - [MESSAGE][INFO] - Action delay is set to 0 milliseconds

2023-11-23 12:13:32 - [MESSAGE][PASSED] - Browser is opened with url: ''

2023-11-23 12:13:32 - [TEST_STEP][PASSED] - navigateToUrl("https://katalon-demo-cura.herokuapp.com/"): Navigate to 'https://katalon-demo-cura.herokuapp.com/' successfully

2023-11-23 12:13:35 - [MESSAGE][PASSED] - Navigate to 'https://katalon-demo-cura.herokuapp.com/' successfully

2023-11-23 12:13:35 - [TEST_STEP][PASSED] - click(findTestObject("Object Repository/Page_CURA Healthcare Service/a_Make Appointment")): Object: 'Object Repository/Page_CURA Healthcare Service/a_Make Appointment' is clicked on

2023-11-23 12:13:36 - [MESSAGE][PASSED] - Object: 'Object Repository/Page_CURA Healthcare Service/a_Make Appointment' is clicked on

2023-11-23 12:13:36 - [TEST_STEP][PASSED] - click(findTestObject("Object Repository/Page_CURA Healthcare Service/input_Demo account_form-control")): Object: 'Object Repository/Page_CURA Healthcare Service/input_Demo account_form-control' is clicked on

2023-11-23 12:13:36 - [MESSAGE][PASSED] - Object: 'Object Repository/Page_CURA Healthcare Service/input_Demo account_form-control' is clicked on

2023-11-23 12:13:36 - [TEST_STEP][PASSED] - setText(findTestObject("Object Repository/Page_CURA Healthcare Service/input_Username_username"), "John Doe"): Text 'John Doe' is set on object 'Object Repository/Page_CURA Healthcare Service/input_Username_username'

2023-11-23 12:13:37 - [MESSAGE][PASSED] - Text 'John Doe' is set on object 'Object Repository/Page_CURA Healthcare Service/input_Username_username'

2023-11-23 12:13:37 - [TEST_STEP][PASSED] - click(findTestObject("Object Repository/Page_CURA Healthcare Service/input_Demo account_form-control_1")): Object: 'Object Repository/Page_CURA Healthcare Service/input_Demo account_form-control_1' is clicked on

2023-11-23 12:13:37 - [MESSAGE][PASSED] - Object: 'Object Repository/Page_CURA Healthcare Service/input_Demo account_form-control_1' is clicked on

2023-11-23 12:13:37 - [TEST_STEP][PASSED] - setEncryptedText(findTestObject("Object Repository/Page_CURA Healthcare Service/input_Password_password"), "g3/DOGG74jC3Flrr3yH+3D/yKbOqqUNM"): Text ****** has been set on object 'Object Repository/Page_CURA Healthcare Service/input_Password_password'

2023-11-23 12:13:38 - [MESSAGE][PASSED] - Text ****** has been set on object 'Object Repository/Page_CURA Healthcare Service/input_Password_password'

2023-11-23 12:13:38 - [TEST_STEP][PASSED] - click(findTestObject("Object Repository/Page_CURA Healthcare Service/button_Login")): Object: 'Object Repository/Page_CURA Healthcare Service/button_Login' is clicked on

2023-11-23 12:13:39 - [MESSAGE][PASSED] - Object: 'Object Repository/Page_CURA Healthcare Service/button_Login' is clicked on

2023-11-23 12:13:39 - [TEST_STEP][PASSED] - doubleClick(findTestObject("Object Repository/Page_CURA Healthcare Service/div_Visit Date (Required)_input-group-addon")): Object: 'Object Repository/Page_CURA Healthcare Service/div_Visit Date (Required)_input-group-addon' is double clicked on

2023-11-23 12:13:40 - [MESSAGE][PASSED] - Object: 'Object Repository/Page_CURA Healthcare Service/div_Visit Date (Required)_input-group-addon' is double clicked on

2023-11-23 12:13:40 - [TEST_STEP][PASSED] - click(findTestObject("Object Repository/Page_CURA Healthcare Service/td_23")): Object: 'Object Repository/Page_CURA Healthcare Service/td_23' is clicked on

2023-11-23 12:13:40 - [MESSAGE][PASSED] - Object: 'Object Repository/Page_CURA Healthcare Service/td_23' is clicked on

2023-11-23 12:13:40 - [TEST_STEP][PASSED] - setText(findTestObject("Object Repository/Page_CURA Healthcare Service/textarea_Comment_comment"), "megha"): Text 'megha' is set on object 'Object Repository/Page_CURA Healthcare Service/textarea_Comment_comment'

2023-11-23 12:13:41 - [MESSAGE][PASSED] - Text 'megha' is set on object 'Object Repository/Page_CURA Healthcare Service/textarea_Comment_comment'

2023-11-23 12:13:41 - [TEST_STEP][PASSED] - click(findTestObject("Object Repository/Page_CURA Healthcare Service/button_Book Appointment")): Object: 'Object Repository/Page_CURA Healthcare Service/button_Book Appointment' is clicked on

2023-11-23 12:13:42 - [MESSAGE][PASSED] - Object: 'Object Repository/Page_CURA Healthcare Service/button_Book Appointment' is clicked on

2023-11-23 12:13:42 - [TEST_STEP][PASSED] - click(findTestObject("Object Repository/Page_CURA Healthcare Service/a_Go to Homepage")): Object: 'Object Repository/Page_CURA Healthcare Service/a_Go to Homepage' is clicked on

2023-11-23 12:13:43 - [MESSAGE][PASSED] - Object: 'Object Repository/Page_CURA Healthcare Service/a_Go to Homepage' is clicked on

2023-11-23 12:13:43 - [TEST_STEP][PASSED] - closeBrowser(): Browser is closed

2023-11-23 12:13:44 - [MESSAGE][PASSED] - Browser is closed]]></system-out>
         <system-err><![CDATA[]]></system-err>
      </testcase>
      <testcase name="Test Cases/JPetStore/My 3rd Test Case" time="20.359" classname="Test Cases/JPetStore/My 3rd Test Case" status="PASSED">
         <system-out><![CDATA[2023-11-23 12:13:44 - [TEST_CASE][PASSED] - Test Cases/JPetStore/My 3rd Test Case: Test Cases/JPetStore/My 3rd Test Case

2023-11-23 12:13:45 - [TEST_STEP][PASSED] - openBrowser(""): Browser is opened with url: ''

2023-11-23 12:13:45 - [MESSAGE][INFO] - Starting 'Chrome' driver

2023-11-23 12:13:45 - [MESSAGE][INFO] - Action delay is set to 0 milliseconds

2023-11-23 12:13:46 - [MESSAGE][PASSED] - Browser is opened with url: ''

2023-11-23 12:13:46 - [TEST_STEP][PASSED] - navigateToUrl("https://www.advantageonlineshopping.com/#/"): Navigate to 'https://www.advantageonlineshopping.com/#/' successfully

2023-11-23 12:13:49 - [MESSAGE][PASSED] - Navigate to 'https://www.advantageonlineshopping.com/#/' successfully

2023-11-23 12:13:49 - [TEST_STEP][PASSED] - click(findTestObject("Object Repository/Page_Advantage Shopping/div_SPEAKERS                        Shop Now")): Object: 'Object Repository/Page_Advantage Shopping/div_SPEAKERS                        Shop Now' is clicked on

2023-11-23 12:13:53 - [MESSAGE][PASSED] - Object: 'Object Repository/Page_Advantage Shopping/div_SPEAKERS                        Shop Now' is clicked on

2023-11-23 12:13:53 - [TEST_STEP][PASSED] - click(findTestObject("Object Repository/Page_Advantage Shopping/button_BUY NOW")): Object: 'Object Repository/Page_Advantage Shopping/button_BUY NOW' is clicked on

2023-11-23 12:13:57 - [MESSAGE][PASSED] - Object: 'Object Repository/Page_Advantage Shopping/button_BUY NOW' is clicked on

2023-11-23 12:13:57 - [TEST_STEP][PASSED] - click(findTestObject("Object Repository/Page_Advantage Shopping/span_Color_rabbit")): Object: 'Object Repository/Page_Advantage Shopping/span_Color_rabbit' is clicked on

2023-11-23 12:14:00 - [MESSAGE][PASSED] - Object: 'Object Repository/Page_Advantage Shopping/span_Color_rabbit' is clicked on

2023-11-23 12:14:00 - [TEST_STEP][PASSED] - click(findTestObject("Object Repository/Page_Advantage Shopping/button_ADD TO CART")): Object: 'Object Repository/Page_Advantage Shopping/button_ADD TO CART' is clicked on

2023-11-23 12:14:01 - [MESSAGE][PASSED] - Object: 'Object Repository/Page_Advantage Shopping/button_ADD TO CART' is clicked on

2023-11-23 12:14:01 - [TEST_STEP][PASSED] - click(findTestObject("Object Repository/Page_Advantage Shopping/button_CHECKOUT  (200.00)")): Object: 'Object Repository/Page_Advantage Shopping/button_CHECKOUT  (200.00)' is clicked on

2023-11-23 12:14:01 - [MESSAGE][PASSED] - Object: 'Object Repository/Page_Advantage Shopping/button_CHECKOUT  (200.00)' is clicked on

2023-11-23 12:14:01 - [TEST_STEP][PASSED] - click(findTestObject("Object Repository/Page_Advantage Shopping/button_CHECKOUT  (200.00)")): Object: 'Object Repository/Page_Advantage Shopping/button_CHECKOUT  (200.00)' is clicked on

2023-11-23 12:14:02 - [MESSAGE][PASSED] - Object: 'Object Repository/Page_Advantage Shopping/button_CHECKOUT  (200.00)' is clicked on

2023-11-23 12:14:02 - [TEST_STEP][PASSED] - click(findTestObject("Object Repository/Page_Advantage Shopping/button_CHECKOUT  (200.00)")): Object: 'Object Repository/Page_Advantage Shopping/button_CHECKOUT  (200.00)' is clicked on

2023-11-23 12:14:03 - [MESSAGE][PASSED] - Object: 'Object Repository/Page_Advantage Shopping/button_CHECKOUT  (200.00)' is clicked on

2023-11-23 12:14:03 - [TEST_STEP][PASSED] - rightClick(findTestObject("Object Repository/Page_Advantage Shopping/button_CHECKOUT  (200.00)")): Object: 'Object Repository/Page_Advantage Shopping/button_CHECKOUT  (200.00)' is right clicked on

2023-11-23 12:14:03 - [MESSAGE][PASSED] - Object: 'Object Repository/Page_Advantage Shopping/button_CHECKOUT  (200.00)' is right clicked on

2023-11-23 12:14:03 - [TEST_STEP][PASSED] - click(findTestObject("Object Repository/Page_Advantage Shopping/button_CHECKOUT  (200.00)")): Object: 'Object Repository/Page_Advantage Shopping/button_CHECKOUT  (200.00)' is clicked on

2023-11-23 12:14:04 - [MESSAGE][PASSED] - Object: 'Object Repository/Page_Advantage Shopping/button_CHECKOUT  (200.00)' is clicked on

2023-11-23 12:14:04 - [TEST_STEP][PASSED] - closeBrowser(): Browser is closed

2023-11-23 12:14:04 - [MESSAGE][PASSED] - Browser is closed]]></system-out>
         <system-err><![CDATA[]]></system-err>
      </testcase>
      <system-out><![CDATA[2023-11-23 12:13:29 - [TEST_SUITE][PASSED] - Test_Suite_Katlon_demo_Application: Test Cases/JPetStore/My 3rd Test Case]]></system-out>
      <system-err><![CDATA[]]></system-err>
   </testsuite>
   <testsuite name="Test_Suite_Katlon_demo_Application - Copy (1)" tests="3" failures="0" errors="0" time="55.216" skipped="0" timestamp="2023-11-23 12:14:29" hostname="ADMIN - MeghasriK" id="Test Suites/katlon_demo_Application/Test_Suite_Katlon_demo_Application - Copy (1)">
      <properties>
         <property name="deviceName" value=""/>
         <property name="devicePlatform" value=""/>
         <property name="logFolder" value="C:\\Users\\ADMIN\\git\\Katalon-to-Git\\My_Katalon_1st_DemoProject_Msk\\Reports\\20231123_121313\\katlon_demo_Application\\Test_Suite_Katlon_demo_Application - Copy (1)\\20231123_121316"/>
         <property name="logFiles" value="C:\\Users\\ADMIN\\git\\Katalon-to-Git\\My_Katalon_1st_DemoProject_Msk\\Reports\\20231123_121313\\katlon_demo_Application\\Test_Suite_Katlon_demo_Application - Copy (1)\\20231123_121316\\execution0.log"/>
         <property name="attachments" value=""/>
         <property name="hostName" value="ADMIN - MeghasriK"/>
         <property name="os" value="Windows 11 64bit"/>
         <property name="katalonVersion" value="8.6.8.208"/>
         <property name="browser" value="Chrome 119.0.0.0"/>
         <property name="hostAddress" value="192.168.1.16"/>
         <property name="sessionId" value="3600cc0aaeb04f289dcdcef91528bfee"/>
         <property name="seleniumVersion" value="3.141.59"/>
         <property name="proxyInformation" value="ProxyInformation { proxyOption=NO_PROXY, proxyServerType=HTTP, username=, password=********, proxyServerAddress=, proxyServerPort=0, executionList=&quot;&quot;, isApplyToDesiredCapabilities=true }"/>
         <property name="platform" value="Windows 11"/>
      </properties>
      <testcase name="Test Cases/JPetStore/My_1st_TestCase_Msk" time="28.301" classname="Test Cases/JPetStore/My_1st_TestCase_Msk" status="PASSED">
         <system-out><![CDATA[2023-11-23 12:14:29 - [TEST_CASE][PASSED] - Test Cases/JPetStore/My_1st_TestCase_Msk: Test Cases/JPetStore/My_1st_TestCase_Msk

2023-11-23 12:14:30 - [TEST_STEP][PASSED] - openBrowser(""): Browser is opened with url: ''

2023-11-23 12:14:30 - [MESSAGE][INFO] - Starting 'Chrome' driver

2023-11-23 12:14:30 - [MESSAGE][INFO] - Action delay is set to 0 milliseconds

2023-11-23 12:14:32 - [MESSAGE][PASSED] - Browser is opened with url: ''

2023-11-23 12:14:32 - [TEST_STEP][PASSED] - navigateToUrl("https://jpetstore.aspectran.com/catalog/"): Navigate to 'https://jpetstore.aspectran.com/catalog/' successfully

2023-11-23 12:14:36 - [MESSAGE][PASSED] - Navigate to 'https://jpetstore.aspectran.com/catalog/' successfully

2023-11-23 12:14:36 - [TEST_STEP][PASSED] - click(findTestObject("Object Repository/My_1st_OR_MSK/Page_JPetStore Demo/a_Fish")): Object: 'Object Repository/My_1st_OR_MSK/Page_JPetStore Demo/a_Fish' is clicked on

2023-11-23 12:14:37 - [MESSAGE][PASSED] - Object: 'Object Repository/My_1st_OR_MSK/Page_JPetStore Demo/a_Fish' is clicked on

2023-11-23 12:14:37 - [TEST_STEP][PASSED] - click(findTestObject("Object Repository/My_1st_OR_MSK/Page_JPetStore Demo/a_FI-SW-01")): Object: 'Object Repository/My_1st_OR_MSK/Page_JPetStore Demo/a_FI-SW-01' is clicked on

2023-11-23 12:14:38 - [MESSAGE][PASSED] - Object: 'Object Repository/My_1st_OR_MSK/Page_JPetStore Demo/a_FI-SW-01' is clicked on

2023-11-23 12:14:38 - [TEST_STEP][PASSED] - click(findTestObject("Object Repository/My_1st_OR_MSK/Page_JPetStore Demo/a_Add to Cart")): Object: 'Object Repository/My_1st_OR_MSK/Page_JPetStore Demo/a_Add to Cart' is clicked on

2023-11-23 12:14:40 - [MESSAGE][PASSED] - Object: 'Object Repository/My_1st_OR_MSK/Page_JPetStore Demo/a_Add to Cart' is clicked on

2023-11-23 12:14:40 - [TEST_STEP][PASSED] - setText(findTestObject("Object Repository/My_1st_OR_MSK/Page_JPetStore Demo/input_true_EST-1"), "2"): Text '2' is set on object 'Object Repository/My_1st_OR_MSK/Page_JPetStore Demo/input_true_EST-1'

2023-11-23 12:14:41 - [MESSAGE][PASSED] - Text '2' is set on object 'Object Repository/My_1st_OR_MSK/Page_JPetStore Demo/input_true_EST-1'

2023-11-23 12:14:41 - [TEST_STEP][PASSED] - click(findTestObject("Object Repository/My_1st_OR_MSK/Page_JPetStore Demo/button_Update Cart")): Object: 'Object Repository/My_1st_OR_MSK/Page_JPetStore Demo/button_Update Cart' is clicked on

2023-11-23 12:14:42 - [MESSAGE][PASSED] - Object: 'Object Repository/My_1st_OR_MSK/Page_JPetStore Demo/button_Update Cart' is clicked on

2023-11-23 12:14:42 - [TEST_STEP][PASSED] - click(findTestObject("Object Repository/My_1st_OR_MSK/Page_JPetStore Demo/a_Proceed to Checkout")): Object: 'Object Repository/My_1st_OR_MSK/Page_JPetStore Demo/a_Proceed to Checkout' is clicked on

2023-11-23 12:14:46 - [MESSAGE][PASSED] - Object: 'Object Repository/My_1st_OR_MSK/Page_JPetStore Demo/a_Proceed to Checkout' is clicked on

2023-11-23 12:14:46 - [TEST_STEP][PASSED] - click(findTestObject("Object Repository/My_1st_OR_MSK/Page_JPetStore Demo/button_Login")): Object: 'Object Repository/My_1st_OR_MSK/Page_JPetStore Demo/button_Login' is clicked on

2023-11-23 12:14:47 - [MESSAGE][PASSED] - Object: 'Object Repository/My_1st_OR_MSK/Page_JPetStore Demo/button_Login' is clicked on

2023-11-23 12:14:47 - [TEST_STEP][PASSED] - click(findTestObject("Object Repository/My_1st_OR_MSK/Page_JPetStore Demo/button_Continue")): Object: 'Object Repository/My_1st_OR_MSK/Page_JPetStore Demo/button_Continue' is clicked on

2023-11-23 12:14:49 - [MESSAGE][PASSED] - Object: 'Object Repository/My_1st_OR_MSK/Page_JPetStore Demo/button_Continue' is clicked on

2023-11-23 12:14:49 - [TEST_STEP][PASSED] - click(findTestObject("Object Repository/My_1st_OR_MSK/Page_JPetStore Demo/input_Ship to different address_shippingAdd_0f9b79")): Object: 'Object Repository/My_1st_OR_MSK/Page_JPetStore Demo/input_Ship to different address_shippingAdd_0f9b79' is clicked on

2023-11-23 12:14:49 - [MESSAGE][PASSED] - Object: 'Object Repository/My_1st_OR_MSK/Page_JPetStore Demo/input_Ship to different address_shippingAdd_0f9b79' is clicked on

2023-11-23 12:14:49 - [TEST_STEP][PASSED] - setText(findTestObject("Object Repository/My_1st_OR_MSK/Page_JPetStore Demo/input_Zip_billZip"), "12356"): Text '12356' is set on object 'Object Repository/My_1st_OR_MSK/Page_JPetStore Demo/input_Zip_billZip'

2023-11-23 12:14:50 - [MESSAGE][PASSED] - Text '12356' is set on object 'Object Repository/My_1st_OR_MSK/Page_JPetStore Demo/input_Zip_billZip'

2023-11-23 12:14:50 - [TEST_STEP][PASSED] - click(findTestObject("Object Repository/My_1st_OR_MSK/Page_JPetStore Demo/button_Continue")): Object: 'Object Repository/My_1st_OR_MSK/Page_JPetStore Demo/button_Continue' is clicked on

2023-11-23 12:14:52 - [MESSAGE][PASSED] - Object: 'Object Repository/My_1st_OR_MSK/Page_JPetStore Demo/button_Continue' is clicked on

2023-11-23 12:14:52 - [TEST_STEP][PASSED] - click(findTestObject("Object Repository/My_1st_OR_MSK/Page_JPetStore Demo/button_Continue")): Object: 'Object Repository/My_1st_OR_MSK/Page_JPetStore Demo/button_Continue' is clicked on

2023-11-23 12:14:53 - [MESSAGE][PASSED] - Object: 'Object Repository/My_1st_OR_MSK/Page_JPetStore Demo/button_Continue' is clicked on

2023-11-23 12:14:53 - [TEST_STEP][PASSED] - setText(findTestObject("Object Repository/My_1st_OR_MSK/Page_JPetStore Demo/input_Zip_shipZip"), "1256"): Text '1256' is set on object 'Object Repository/My_1st_OR_MSK/Page_JPetStore Demo/input_Zip_shipZip'

2023-11-23 12:14:54 - [MESSAGE][PASSED] - Text '1256' is set on object 'Object Repository/My_1st_OR_MSK/Page_JPetStore Demo/input_Zip_shipZip'

2023-11-23 12:14:54 - [TEST_STEP][PASSED] - click(findTestObject("Object Repository/My_1st_OR_MSK/Page_JPetStore Demo/button_Continue")): Object: 'Object Repository/My_1st_OR_MSK/Page_JPetStore Demo/button_Continue' is clicked on

2023-11-23 12:14:55 - [MESSAGE][PASSED] - Object: 'Object Repository/My_1st_OR_MSK/Page_JPetStore Demo/button_Continue' is clicked on

2023-11-23 12:14:55 - [TEST_STEP][PASSED] - click(findTestObject("Object Repository/My_1st_OR_MSK/Page_JPetStore Demo/button_Confirm")): Object: 'Object Repository/My_1st_OR_MSK/Page_JPetStore Demo/button_Confirm' is clicked on

2023-11-23 12:14:57 - [MESSAGE][PASSED] - Object: 'Object Repository/My_1st_OR_MSK/Page_JPetStore Demo/button_Confirm' is clicked on

2023-11-23 12:14:57 - [TEST_STEP][PASSED] - closeBrowser(): Browser is closed

2023-11-23 12:14:58 - [MESSAGE][PASSED] - Browser is closed]]></system-out>
         <system-err><![CDATA[]]></system-err>
      </testcase>
      <testcase name="Test Cases/katlon_demo_/katlon_demo_application" time="13.766" classname="Test Cases/katlon_demo_/katlon_demo_application" status="PASSED">
         <system-out><![CDATA[2023-11-23 12:14:58 - [TEST_CASE][PASSED] - Test Cases/katlon_demo_/katlon_demo_application: Test Cases/katlon_demo_/katlon_demo_application

2023-11-23 12:14:59 - [TEST_STEP][PASSED] - openBrowser(""): Browser is opened with url: ''

2023-11-23 12:14:59 - [MESSAGE][INFO] - Starting 'Chrome' driver

2023-11-23 12:14:59 - [MESSAGE][INFO] - Action delay is set to 0 milliseconds

2023-11-23 12:15:00 - [MESSAGE][PASSED] - Browser is opened with url: ''

2023-11-23 12:15:00 - [TEST_STEP][PASSED] - navigateToUrl("https://katalon-demo-cura.herokuapp.com/"): Navigate to 'https://katalon-demo-cura.herokuapp.com/' successfully

2023-11-23 12:15:03 - [MESSAGE][PASSED] - Navigate to 'https://katalon-demo-cura.herokuapp.com/' successfully

2023-11-23 12:15:03 - [TEST_STEP][PASSED] - click(findTestObject("Object Repository/Page_CURA Healthcare Service/a_Make Appointment")): Object: 'Object Repository/Page_CURA Healthcare Service/a_Make Appointment' is clicked on

2023-11-23 12:15:04 - [MESSAGE][PASSED] - Object: 'Object Repository/Page_CURA Healthcare Service/a_Make Appointment' is clicked on

2023-11-23 12:15:04 - [TEST_STEP][PASSED] - click(findTestObject("Object Repository/Page_CURA Healthcare Service/input_Demo account_form-control")): Object: 'Object Repository/Page_CURA Healthcare Service/input_Demo account_form-control' is clicked on

2023-11-23 12:15:05 - [MESSAGE][PASSED] - Object: 'Object Repository/Page_CURA Healthcare Service/input_Demo account_form-control' is clicked on

2023-11-23 12:15:05 - [TEST_STEP][PASSED] - setText(findTestObject("Object Repository/Page_CURA Healthcare Service/input_Username_username"), "John Doe"): Text 'John Doe' is set on object 'Object Repository/Page_CURA Healthcare Service/input_Username_username'

2023-11-23 12:15:05 - [MESSAGE][PASSED] - Text 'John Doe' is set on object 'Object Repository/Page_CURA Healthcare Service/input_Username_username'

2023-11-23 12:15:05 - [TEST_STEP][PASSED] - click(findTestObject("Object Repository/Page_CURA Healthcare Service/input_Demo account_form-control_1")): Object: 'Object Repository/Page_CURA Healthcare Service/input_Demo account_form-control_1' is clicked on

2023-11-23 12:15:06 - [MESSAGE][PASSED] - Object: 'Object Repository/Page_CURA Healthcare Service/input_Demo account_form-control_1' is clicked on

2023-11-23 12:15:06 - [TEST_STEP][PASSED] - setEncryptedText(findTestObject("Object Repository/Page_CURA Healthcare Service/input_Password_password"), "g3/DOGG74jC3Flrr3yH+3D/yKbOqqUNM"): Text ****** has been set on object 'Object Repository/Page_CURA Healthcare Service/input_Password_password'

2023-11-23 12:15:06 - [MESSAGE][PASSED] - Text ****** has been set on object 'Object Repository/Page_CURA Healthcare Service/input_Password_password'

2023-11-23 12:15:06 - [TEST_STEP][PASSED] - click(findTestObject("Object Repository/Page_CURA Healthcare Service/button_Login")): Object: 'Object Repository/Page_CURA Healthcare Service/button_Login' is clicked on

2023-11-23 12:15:07 - [MESSAGE][PASSED] - Object: 'Object Repository/Page_CURA Healthcare Service/button_Login' is clicked on

2023-11-23 12:15:07 - [TEST_STEP][PASSED] - doubleClick(findTestObject("Object Repository/Page_CURA Healthcare Service/div_Visit Date (Required)_input-group-addon")): Object: 'Object Repository/Page_CURA Healthcare Service/div_Visit Date (Required)_input-group-addon' is double clicked on

2023-11-23 12:15:08 - [MESSAGE][PASSED] - Object: 'Object Repository/Page_CURA Healthcare Service/div_Visit Date (Required)_input-group-addon' is double clicked on

2023-11-23 12:15:08 - [TEST_STEP][PASSED] - click(findTestObject("Object Repository/Page_CURA Healthcare Service/td_23")): Object: 'Object Repository/Page_CURA Healthcare Service/td_23' is clicked on

2023-11-23 12:15:08 - [MESSAGE][PASSED] - Object: 'Object Repository/Page_CURA Healthcare Service/td_23' is clicked on

2023-11-23 12:15:08 - [TEST_STEP][PASSED] - setText(findTestObject("Object Repository/Page_CURA Healthcare Service/textarea_Comment_comment"), "megha"): Text 'megha' is set on object 'Object Repository/Page_CURA Healthcare Service/textarea_Comment_comment'

2023-11-23 12:15:09 - [MESSAGE][PASSED] - Text 'megha' is set on object 'Object Repository/Page_CURA Healthcare Service/textarea_Comment_comment'

2023-11-23 12:15:09 - [TEST_STEP][PASSED] - click(findTestObject("Object Repository/Page_CURA Healthcare Service/button_Book Appointment")): Object: 'Object Repository/Page_CURA Healthcare Service/button_Book Appointment' is clicked on

2023-11-23 12:15:10 - [MESSAGE][PASSED] - Object: 'Object Repository/Page_CURA Healthcare Service/button_Book Appointment' is clicked on

2023-11-23 12:15:10 - [TEST_STEP][PASSED] - click(findTestObject("Object Repository/Page_CURA Healthcare Service/a_Go to Homepage")): Object: 'Object Repository/Page_CURA Healthcare Service/a_Go to Homepage' is clicked on

2023-11-23 12:15:11 - [MESSAGE][PASSED] - Object: 'Object Repository/Page_CURA Healthcare Service/a_Go to Homepage' is clicked on

2023-11-23 12:15:11 - [TEST_STEP][PASSED] - closeBrowser(): Browser is closed

2023-11-23 12:15:12 - [MESSAGE][PASSED] - Browser is closed]]></system-out>
         <system-err><![CDATA[]]></system-err>
      </testcase>
      <testcase name="Test Cases/katlon_demo_/katlon_demo_application1" time="12.875" classname="Test Cases/katlon_demo_/katlon_demo_application1" status="PASSED">
         <system-out><![CDATA[2023-11-23 12:15:12 - [TEST_CASE][PASSED] - Test Cases/katlon_demo_/katlon_demo_application1: Test Cases/katlon_demo_/katlon_demo_application1

2023-11-23 12:15:12 - [TEST_STEP][PASSED] - openBrowser(""): Browser is opened with url: ''

2023-11-23 12:15:12 - [MESSAGE][INFO] - Starting 'Chrome' driver

2023-11-23 12:15:12 - [MESSAGE][INFO] - Action delay is set to 0 milliseconds

2023-11-23 12:15:13 - [MESSAGE][PASSED] - Browser is opened with url: ''

2023-11-23 12:15:13 - [TEST_STEP][PASSED] - navigateToUrl("https://katalon-demo-cura.herokuapp.com/"): Navigate to 'https://katalon-demo-cura.herokuapp.com/' successfully

2023-11-23 12:15:16 - [MESSAGE][PASSED] - Navigate to 'https://katalon-demo-cura.herokuapp.com/' successfully

2023-11-23 12:15:16 - [TEST_STEP][PASSED] - click(findTestObject("Object Repository/Page_CURA Healthcare Service/a_Make Appointment")): Object: 'Object Repository/Page_CURA Healthcare Service/a_Make Appointment' is clicked on

2023-11-23 12:15:17 - [MESSAGE][PASSED] - Object: 'Object Repository/Page_CURA Healthcare Service/a_Make Appointment' is clicked on

2023-11-23 12:15:17 - [TEST_STEP][PASSED] - click(findTestObject("Object Repository/Page_CURA Healthcare Service/input_Demo account_form-control")): Object: 'Object Repository/Page_CURA Healthcare Service/input_Demo account_form-control' is clicked on

2023-11-23 12:15:17 - [MESSAGE][PASSED] - Object: 'Object Repository/Page_CURA Healthcare Service/input_Demo account_form-control' is clicked on

2023-11-23 12:15:17 - [TEST_STEP][PASSED] - setText(findTestObject("Object Repository/Page_CURA Healthcare Service/input_Username_username"), "John Doe"): Text 'John Doe' is set on object 'Object Repository/Page_CURA Healthcare Service/input_Username_username'

2023-11-23 12:15:18 - [MESSAGE][PASSED] - Text 'John Doe' is set on object 'Object Repository/Page_CURA Healthcare Service/input_Username_username'

2023-11-23 12:15:18 - [TEST_STEP][PASSED] - click(findTestObject("Object Repository/Page_CURA Healthcare Service/input_Demo account_form-control_1")): Object: 'Object Repository/Page_CURA Healthcare Service/input_Demo account_form-control_1' is clicked on

2023-11-23 12:15:18 - [MESSAGE][PASSED] - Object: 'Object Repository/Page_CURA Healthcare Service/input_Demo account_form-control_1' is clicked on

2023-11-23 12:15:18 - [TEST_STEP][PASSED] - setEncryptedText(findTestObject("Object Repository/Page_CURA Healthcare Service/input_Password_password"), "g3/DOGG74jC3Flrr3yH+3D/yKbOqqUNM"): Text ****** has been set on object 'Object Repository/Page_CURA Healthcare Service/input_Password_password'

2023-11-23 12:15:19 - [MESSAGE][PASSED] - Text ****** has been set on object 'Object Repository/Page_CURA Healthcare Service/input_Password_password'

2023-11-23 12:15:19 - [TEST_STEP][PASSED] - click(findTestObject("Object Repository/Page_CURA Healthcare Service/button_Login")): Object: 'Object Repository/Page_CURA Healthcare Service/button_Login' is clicked on

2023-11-23 12:15:20 - [MESSAGE][PASSED] - Object: 'Object Repository/Page_CURA Healthcare Service/button_Login' is clicked on

2023-11-23 12:15:20 - [TEST_STEP][PASSED] - setText(findTestObject("Object Repository/Page_CURA Healthcare Service/textarea_Comment_comment"), "inceare"): Text 'inceare' is set on object 'Object Repository/Page_CURA Healthcare Service/textarea_Comment_comment'

2023-11-23 12:15:21 - [MESSAGE][PASSED] - Text 'inceare' is set on object 'Object Repository/Page_CURA Healthcare Service/textarea_Comment_comment'

2023-11-23 12:15:21 - [TEST_STEP][PASSED] - click(findTestObject("Object Repository/Page_CURA Healthcare Service/button_Book Appointment")): Object: 'Object Repository/Page_CURA Healthcare Service/button_Book Appointment' is clicked on

2023-11-23 12:15:22 - [MESSAGE][PASSED] - Object: 'Object Repository/Page_CURA Healthcare Service/button_Book Appointment' is clicked on

2023-11-23 12:15:22 - [TEST_STEP][PASSED] - click(findTestObject("Object Repository/Page_CURA Healthcare Service/td_16")): Object: 'Object Repository/Page_CURA Healthcare Service/td_16' is clicked on

2023-11-23 12:15:22 - [MESSAGE][PASSED] - Object: 'Object Repository/Page_CURA Healthcare Service/td_16' is clicked on

2023-11-23 12:15:22 - [TEST_STEP][PASSED] - click(findTestObject("Object Repository/Page_CURA Healthcare Service/button_Book Appointment")): Object: 'Object Repository/Page_CURA Healthcare Service/button_Book Appointment' is clicked on

2023-11-23 12:15:23 - [MESSAGE][PASSED] - Object: 'Object Repository/Page_CURA Healthcare Service/button_Book Appointment' is clicked on

2023-11-23 12:15:23 - [TEST_STEP][PASSED] - click(findTestObject("Object Repository/Page_CURA Healthcare Service/a_Go to Homepage")): Object: 'Object Repository/Page_CURA Healthcare Service/a_Go to Homepage' is clicked on

2023-11-23 12:15:24 - [MESSAGE][PASSED] - Object: 'Object Repository/Page_CURA Healthcare Service/a_Go to Homepage' is clicked on

2023-11-23 12:15:24 - [TEST_STEP][PASSED] - closeBrowser(): Browser is closed

2023-11-23 12:15:24 - [MESSAGE][PASSED] - Browser is closed]]></system-out>
         <system-err><![CDATA[]]></system-err>
      </testcase>
      <system-out><![CDATA[2023-11-23 12:14:29 - [TEST_SUITE][PASSED] - Test_Suite_Katlon_demo_Application - Copy (1): Test Cases/katlon_demo_/katlon_demo_application1]]></system-out>
      <system-err><![CDATA[]]></system-err>
   </testsuite>
</testsuites>
