<?xml version="1.0" encoding="UTF-8"?>
<testsuites name="Test_Suite_Katlon_demo_Application - Copy (1)" time="61.293" tests="3" failures="0" errors="0">
   <testsuite name="Test_Suite_Katlon_demo_Application - Copy (1)" tests="3" failures="0" errors="0" time="61.293" skipped="0" timestamp="2023-11-23 12:03:50" hostname="ADMIN - MeghasriK" id="Test Suites/katlon_demo_Application/Test_Suite_Katlon_demo_Application - Copy (1)">
      <properties>
         <property name="deviceName" value=""/>
         <property name="devicePlatform" value=""/>
         <property name="logFolder" value="C:\\Users\\ADMIN\\git\\Katalon-to-Git\\My_Katalon_1st_DemoProject_Msk\\Reports\\20231123_120234\\katlon_demo_Application\\Test_Suite_Katlon_demo_Application - Copy (1)\\20231123_120237"/>
         <property name="logFiles" value="C:\\Users\\ADMIN\\git\\Katalon-to-Git\\My_Katalon_1st_DemoProject_Msk\\Reports\\20231123_120234\\katlon_demo_Application\\Test_Suite_Katlon_demo_Application - Copy (1)\\20231123_120237\\execution0.log"/>
         <property name="attachments" value=""/>
         <property name="hostName" value="ADMIN - MeghasriK"/>
         <property name="os" value="Windows 11 64bit"/>
         <property name="katalonVersion" value="8.6.8.208"/>
         <property name="browser" value="Chrome 119.0.0.0"/>
         <property name="hostAddress" value="192.168.1.16"/>
         <property name="sessionId" value="9094cd5f34183a112d138cd09b622fe6"/>
         <property name="seleniumVersion" value="3.141.59"/>
         <property name="proxyInformation" value="ProxyInformation { proxyOption=NO_PROXY, proxyServerType=HTTP, username=, password=********, proxyServerAddress=, proxyServerPort=0, executionList=&quot;&quot;, isApplyToDesiredCapabilities=true }"/>
         <property name="platform" value="Windows 11"/>
      </properties>
      <testcase name="Test Cases/JPetStore/My_1st_TestCase_Msk" time="28.714" classname="Test Cases/JPetStore/My_1st_TestCase_Msk" status="PASSED">
         <system-out><![CDATA[2023-11-23 12:03:51 - [TEST_CASE][PASSED] - Test Cases/JPetStore/My_1st_TestCase_Msk: Test Cases/JPetStore/My_1st_TestCase_Msk

2023-11-23 12:03:52 - [TEST_STEP][PASSED] - openBrowser(""): Browser is opened with url: ''

2023-11-23 12:03:52 - [MESSAGE][INFO] - Starting 'Chrome' driver

2023-11-23 12:03:52 - [MESSAGE][INFO] - Action delay is set to 0 milliseconds

2023-11-23 12:03:55 - [MESSAGE][PASSED] - Browser is opened with url: ''

2023-11-23 12:03:55 - [TEST_STEP][PASSED] - navigateToUrl("https://jpetstore.aspectran.com/catalog/"): Navigate to 'https://jpetstore.aspectran.com/catalog/' successfully

2023-11-23 12:03:58 - [MESSAGE][PASSED] - Navigate to 'https://jpetstore.aspectran.com/catalog/' successfully

2023-11-23 12:03:58 - [TEST_STEP][PASSED] - click(findTestObject("Object Repository/My_1st_OR_MSK/Page_JPetStore Demo/a_Fish")): Object: 'Object Repository/My_1st_OR_MSK/Page_JPetStore Demo/a_Fish' is clicked on

2023-11-23 12:03:59 - [MESSAGE][PASSED] - Object: 'Object Repository/My_1st_OR_MSK/Page_JPetStore Demo/a_Fish' is clicked on

2023-11-23 12:03:59 - [TEST_STEP][PASSED] - click(findTestObject("Object Repository/My_1st_OR_MSK/Page_JPetStore Demo/a_FI-SW-01")): Object: 'Object Repository/My_1st_OR_MSK/Page_JPetStore Demo/a_FI-SW-01' is clicked on

2023-11-23 12:04:00 - [MESSAGE][PASSED] - Object: 'Object Repository/My_1st_OR_MSK/Page_JPetStore Demo/a_FI-SW-01' is clicked on

2023-11-23 12:04:00 - [TEST_STEP][PASSED] - click(findTestObject("Object Repository/My_1st_OR_MSK/Page_JPetStore Demo/a_Add to Cart")): Object: 'Object Repository/My_1st_OR_MSK/Page_JPetStore Demo/a_Add to Cart' is clicked on

2023-11-23 12:04:01 - [MESSAGE][PASSED] - Object: 'Object Repository/My_1st_OR_MSK/Page_JPetStore Demo/a_Add to Cart' is clicked on

2023-11-23 12:04:01 - [TEST_STEP][PASSED] - setText(findTestObject("Object Repository/My_1st_OR_MSK/Page_JPetStore Demo/input_true_EST-1"), "2"): Text '2' is set on object 'Object Repository/My_1st_OR_MSK/Page_JPetStore Demo/input_true_EST-1'

2023-11-23 12:04:02 - [MESSAGE][PASSED] - Text '2' is set on object 'Object Repository/My_1st_OR_MSK/Page_JPetStore Demo/input_true_EST-1'

2023-11-23 12:04:02 - [TEST_STEP][PASSED] - click(findTestObject("Object Repository/My_1st_OR_MSK/Page_JPetStore Demo/button_Update Cart")): Object: 'Object Repository/My_1st_OR_MSK/Page_JPetStore Demo/button_Update Cart' is clicked on

2023-11-23 12:04:05 - [MESSAGE][PASSED] - Object: 'Object Repository/My_1st_OR_MSK/Page_JPetStore Demo/button_Update Cart' is clicked on

2023-11-23 12:04:05 - [TEST_STEP][PASSED] - click(findTestObject("Object Repository/My_1st_OR_MSK/Page_JPetStore Demo/a_Proceed to Checkout")): Object: 'Object Repository/My_1st_OR_MSK/Page_JPetStore Demo/a_Proceed to Checkout' is clicked on

2023-11-23 12:04:08 - [MESSAGE][PASSED] - Object: 'Object Repository/My_1st_OR_MSK/Page_JPetStore Demo/a_Proceed to Checkout' is clicked on

2023-11-23 12:04:08 - [TEST_STEP][PASSED] - click(findTestObject("Object Repository/My_1st_OR_MSK/Page_JPetStore Demo/button_Login")): Object: 'Object Repository/My_1st_OR_MSK/Page_JPetStore Demo/button_Login' is clicked on

2023-11-23 12:04:10 - [MESSAGE][PASSED] - Object: 'Object Repository/My_1st_OR_MSK/Page_JPetStore Demo/button_Login' is clicked on

2023-11-23 12:04:10 - [TEST_STEP][PASSED] - click(findTestObject("Object Repository/My_1st_OR_MSK/Page_JPetStore Demo/button_Continue")): Object: 'Object Repository/My_1st_OR_MSK/Page_JPetStore Demo/button_Continue' is clicked on

2023-11-23 12:04:11 - [MESSAGE][PASSED] - Object: 'Object Repository/My_1st_OR_MSK/Page_JPetStore Demo/button_Continue' is clicked on

2023-11-23 12:04:11 - [TEST_STEP][PASSED] - click(findTestObject("Object Repository/My_1st_OR_MSK/Page_JPetStore Demo/input_Ship to different address_shippingAdd_0f9b79")): Object: 'Object Repository/My_1st_OR_MSK/Page_JPetStore Demo/input_Ship to different address_shippingAdd_0f9b79' is clicked on

2023-11-23 12:04:12 - [MESSAGE][PASSED] - Object: 'Object Repository/My_1st_OR_MSK/Page_JPetStore Demo/input_Ship to different address_shippingAdd_0f9b79' is clicked on

2023-11-23 12:04:12 - [TEST_STEP][PASSED] - setText(findTestObject("Object Repository/My_1st_OR_MSK/Page_JPetStore Demo/input_Zip_billZip"), "12356"): Text '12356' is set on object 'Object Repository/My_1st_OR_MSK/Page_JPetStore Demo/input_Zip_billZip'

2023-11-23 12:04:13 - [MESSAGE][PASSED] - Text '12356' is set on object 'Object Repository/My_1st_OR_MSK/Page_JPetStore Demo/input_Zip_billZip'

2023-11-23 12:04:13 - [TEST_STEP][PASSED] - click(findTestObject("Object Repository/My_1st_OR_MSK/Page_JPetStore Demo/button_Continue")): Object: 'Object Repository/My_1st_OR_MSK/Page_JPetStore Demo/button_Continue' is clicked on

2023-11-23 12:04:14 - [MESSAGE][PASSED] - Object: 'Object Repository/My_1st_OR_MSK/Page_JPetStore Demo/button_Continue' is clicked on

2023-11-23 12:04:14 - [TEST_STEP][PASSED] - click(findTestObject("Object Repository/My_1st_OR_MSK/Page_JPetStore Demo/button_Continue")): Object: 'Object Repository/My_1st_OR_MSK/Page_JPetStore Demo/button_Continue' is clicked on

2023-11-23 12:04:15 - [MESSAGE][PASSED] - Object: 'Object Repository/My_1st_OR_MSK/Page_JPetStore Demo/button_Continue' is clicked on

2023-11-23 12:04:15 - [TEST_STEP][PASSED] - setText(findTestObject("Object Repository/My_1st_OR_MSK/Page_JPetStore Demo/input_Zip_shipZip"), "1256"): Text '1256' is set on object 'Object Repository/My_1st_OR_MSK/Page_JPetStore Demo/input_Zip_shipZip'

2023-11-23 12:04:16 - [MESSAGE][PASSED] - Text '1256' is set on object 'Object Repository/My_1st_OR_MSK/Page_JPetStore Demo/input_Zip_shipZip'

2023-11-23 12:04:16 - [TEST_STEP][PASSED] - click(findTestObject("Object Repository/My_1st_OR_MSK/Page_JPetStore Demo/button_Continue")): Object: 'Object Repository/My_1st_OR_MSK/Page_JPetStore Demo/button_Continue' is clicked on

2023-11-23 12:04:17 - [MESSAGE][PASSED] - Object: 'Object Repository/My_1st_OR_MSK/Page_JPetStore Demo/button_Continue' is clicked on

2023-11-23 12:04:17 - [TEST_STEP][PASSED] - click(findTestObject("Object Repository/My_1st_OR_MSK/Page_JPetStore Demo/button_Confirm")): Object: 'Object Repository/My_1st_OR_MSK/Page_JPetStore Demo/button_Confirm' is clicked on

2023-11-23 12:04:19 - [MESSAGE][PASSED] - Object: 'Object Repository/My_1st_OR_MSK/Page_JPetStore Demo/button_Confirm' is clicked on

2023-11-23 12:04:19 - [TEST_STEP][PASSED] - closeBrowser(): Browser is closed

2023-11-23 12:04:20 - [MESSAGE][PASSED] - Browser is closed]]></system-out>
         <system-err><![CDATA[]]></system-err>
      </testcase>
      <testcase name="Test Cases/katlon_demo_/katlon_demo_application" time="18.438" classname="Test Cases/katlon_demo_/katlon_demo_application" status="PASSED">
         <system-out><![CDATA[2023-11-23 12:04:20 - [TEST_CASE][PASSED] - Test Cases/katlon_demo_/katlon_demo_application: Test Cases/katlon_demo_/katlon_demo_application

2023-11-23 12:04:20 - [TEST_STEP][PASSED] - openBrowser(""): Browser is opened with url: ''

2023-11-23 12:04:20 - [MESSAGE][INFO] - Starting 'Chrome' driver

2023-11-23 12:04:20 - [MESSAGE][INFO] - Action delay is set to 0 milliseconds

2023-11-23 12:04:22 - [MESSAGE][PASSED] - Browser is opened with url: ''

2023-11-23 12:04:22 - [TEST_STEP][PASSED] - navigateToUrl("https://katalon-demo-cura.herokuapp.com/"): Navigate to 'https://katalon-demo-cura.herokuapp.com/' successfully

2023-11-23 12:04:30 - [MESSAGE][PASSED] - Navigate to 'https://katalon-demo-cura.herokuapp.com/' successfully

2023-11-23 12:04:30 - [TEST_STEP][PASSED] - click(findTestObject("Object Repository/Page_CURA Healthcare Service/a_Make Appointment")): Object: 'Object Repository/Page_CURA Healthcare Service/a_Make Appointment' is clicked on

2023-11-23 12:04:30 - [MESSAGE][PASSED] - Object: 'Object Repository/Page_CURA Healthcare Service/a_Make Appointment' is clicked on

2023-11-23 12:04:30 - [TEST_STEP][PASSED] - click(findTestObject("Object Repository/Page_CURA Healthcare Service/input_Demo account_form-control")): Object: 'Object Repository/Page_CURA Healthcare Service/input_Demo account_form-control' is clicked on

2023-11-23 12:04:31 - [MESSAGE][PASSED] - Object: 'Object Repository/Page_CURA Healthcare Service/input_Demo account_form-control' is clicked on

2023-11-23 12:04:31 - [TEST_STEP][PASSED] - setText(findTestObject("Object Repository/Page_CURA Healthcare Service/input_Username_username"), "John Doe"): Text 'John Doe' is set on object 'Object Repository/Page_CURA Healthcare Service/input_Username_username'

2023-11-23 12:04:32 - [MESSAGE][PASSED] - Text 'John Doe' is set on object 'Object Repository/Page_CURA Healthcare Service/input_Username_username'

2023-11-23 12:04:32 - [TEST_STEP][PASSED] - click(findTestObject("Object Repository/Page_CURA Healthcare Service/input_Demo account_form-control_1")): Object: 'Object Repository/Page_CURA Healthcare Service/input_Demo account_form-control_1' is clicked on

2023-11-23 12:04:32 - [MESSAGE][PASSED] - Object: 'Object Repository/Page_CURA Healthcare Service/input_Demo account_form-control_1' is clicked on

2023-11-23 12:04:32 - [TEST_STEP][PASSED] - setEncryptedText(findTestObject("Object Repository/Page_CURA Healthcare Service/input_Password_password"), "g3/DOGG74jC3Flrr3yH+3D/yKbOqqUNM"): Text ****** has been set on object 'Object Repository/Page_CURA Healthcare Service/input_Password_password'

2023-11-23 12:04:32 - [MESSAGE][PASSED] - Text ****** has been set on object 'Object Repository/Page_CURA Healthcare Service/input_Password_password'

2023-11-23 12:04:32 - [TEST_STEP][PASSED] - click(findTestObject("Object Repository/Page_CURA Healthcare Service/button_Login")): Object: 'Object Repository/Page_CURA Healthcare Service/button_Login' is clicked on

2023-11-23 12:04:34 - [MESSAGE][PASSED] - Object: 'Object Repository/Page_CURA Healthcare Service/button_Login' is clicked on

2023-11-23 12:04:34 - [TEST_STEP][PASSED] - doubleClick(findTestObject("Object Repository/Page_CURA Healthcare Service/div_Visit Date (Required)_input-group-addon")): Object: 'Object Repository/Page_CURA Healthcare Service/div_Visit Date (Required)_input-group-addon' is double clicked on

2023-11-23 12:04:34 - [MESSAGE][PASSED] - Object: 'Object Repository/Page_CURA Healthcare Service/div_Visit Date (Required)_input-group-addon' is double clicked on

2023-11-23 12:04:34 - [TEST_STEP][PASSED] - click(findTestObject("Object Repository/Page_CURA Healthcare Service/td_23")): Object: 'Object Repository/Page_CURA Healthcare Service/td_23' is clicked on

2023-11-23 12:04:35 - [MESSAGE][PASSED] - Object: 'Object Repository/Page_CURA Healthcare Service/td_23' is clicked on

2023-11-23 12:04:35 - [TEST_STEP][PASSED] - setText(findTestObject("Object Repository/Page_CURA Healthcare Service/textarea_Comment_comment"), "megha"): Text 'megha' is set on object 'Object Repository/Page_CURA Healthcare Service/textarea_Comment_comment'

2023-11-23 12:04:36 - [MESSAGE][PASSED] - Text 'megha' is set on object 'Object Repository/Page_CURA Healthcare Service/textarea_Comment_comment'

2023-11-23 12:04:36 - [TEST_STEP][PASSED] - click(findTestObject("Object Repository/Page_CURA Healthcare Service/button_Book Appointment")): Object: 'Object Repository/Page_CURA Healthcare Service/button_Book Appointment' is clicked on

2023-11-23 12:04:37 - [MESSAGE][PASSED] - Object: 'Object Repository/Page_CURA Healthcare Service/button_Book Appointment' is clicked on

2023-11-23 12:04:37 - [TEST_STEP][PASSED] - click(findTestObject("Object Repository/Page_CURA Healthcare Service/a_Go to Homepage")): Object: 'Object Repository/Page_CURA Healthcare Service/a_Go to Homepage' is clicked on

2023-11-23 12:04:37 - [MESSAGE][PASSED] - Object: 'Object Repository/Page_CURA Healthcare Service/a_Go to Homepage' is clicked on

2023-11-23 12:04:37 - [TEST_STEP][PASSED] - closeBrowser(): Browser is closed

2023-11-23 12:04:38 - [MESSAGE][PASSED] - Browser is closed]]></system-out>
         <system-err><![CDATA[]]></system-err>
      </testcase>
      <testcase name="Test Cases/katlon_demo_/katlon_demo_application1" time="13.646" classname="Test Cases/katlon_demo_/katlon_demo_application1" status="PASSED">
         <system-out><![CDATA[2023-11-23 12:04:38 - [TEST_CASE][PASSED] - Test Cases/katlon_demo_/katlon_demo_application1: Test Cases/katlon_demo_/katlon_demo_application1

2023-11-23 12:04:38 - [TEST_STEP][PASSED] - openBrowser(""): Browser is opened with url: ''

2023-11-23 12:04:38 - [MESSAGE][INFO] - Starting 'Chrome' driver

2023-11-23 12:04:38 - [MESSAGE][INFO] - Action delay is set to 0 milliseconds

2023-11-23 12:04:40 - [MESSAGE][PASSED] - Browser is opened with url: ''

2023-11-23 12:04:40 - [TEST_STEP][PASSED] - navigateToUrl("https://katalon-demo-cura.herokuapp.com/"): Navigate to 'https://katalon-demo-cura.herokuapp.com/' successfully

2023-11-23 12:04:43 - [MESSAGE][PASSED] - Navigate to 'https://katalon-demo-cura.herokuapp.com/' successfully

2023-11-23 12:04:43 - [TEST_STEP][PASSED] - click(findTestObject("Object Repository/Page_CURA Healthcare Service/a_Make Appointment")): Object: 'Object Repository/Page_CURA Healthcare Service/a_Make Appointment' is clicked on

2023-11-23 12:04:44 - [MESSAGE][PASSED] - Object: 'Object Repository/Page_CURA Healthcare Service/a_Make Appointment' is clicked on

2023-11-23 12:04:44 - [TEST_STEP][PASSED] - click(findTestObject("Object Repository/Page_CURA Healthcare Service/input_Demo account_form-control")): Object: 'Object Repository/Page_CURA Healthcare Service/input_Demo account_form-control' is clicked on

2023-11-23 12:04:45 - [MESSAGE][PASSED] - Object: 'Object Repository/Page_CURA Healthcare Service/input_Demo account_form-control' is clicked on

2023-11-23 12:04:45 - [TEST_STEP][PASSED] - setText(findTestObject("Object Repository/Page_CURA Healthcare Service/input_Username_username"), "John Doe"): Text 'John Doe' is set on object 'Object Repository/Page_CURA Healthcare Service/input_Username_username'

2023-11-23 12:04:46 - [MESSAGE][PASSED] - Text 'John Doe' is set on object 'Object Repository/Page_CURA Healthcare Service/input_Username_username'

2023-11-23 12:04:46 - [TEST_STEP][PASSED] - click(findTestObject("Object Repository/Page_CURA Healthcare Service/input_Demo account_form-control_1")): Object: 'Object Repository/Page_CURA Healthcare Service/input_Demo account_form-control_1' is clicked on

2023-11-23 12:04:46 - [MESSAGE][PASSED] - Object: 'Object Repository/Page_CURA Healthcare Service/input_Demo account_form-control_1' is clicked on

2023-11-23 12:04:46 - [TEST_STEP][PASSED] - setEncryptedText(findTestObject("Object Repository/Page_CURA Healthcare Service/input_Password_password"), "g3/DOGG74jC3Flrr3yH+3D/yKbOqqUNM"): Text ****** has been set on object 'Object Repository/Page_CURA Healthcare Service/input_Password_password'

2023-11-23 12:04:46 - [MESSAGE][PASSED] - Text ****** has been set on object 'Object Repository/Page_CURA Healthcare Service/input_Password_password'

2023-11-23 12:04:46 - [TEST_STEP][PASSED] - click(findTestObject("Object Repository/Page_CURA Healthcare Service/button_Login")): Object: 'Object Repository/Page_CURA Healthcare Service/button_Login' is clicked on

2023-11-23 12:04:47 - [MESSAGE][PASSED] - Object: 'Object Repository/Page_CURA Healthcare Service/button_Login' is clicked on

2023-11-23 12:04:47 - [TEST_STEP][PASSED] - setText(findTestObject("Object Repository/Page_CURA Healthcare Service/textarea_Comment_comment"), "inceare"): Text 'inceare' is set on object 'Object Repository/Page_CURA Healthcare Service/textarea_Comment_comment'

2023-11-23 12:04:48 - [MESSAGE][PASSED] - Text 'inceare' is set on object 'Object Repository/Page_CURA Healthcare Service/textarea_Comment_comment'

2023-11-23 12:04:48 - [TEST_STEP][PASSED] - click(findTestObject("Object Repository/Page_CURA Healthcare Service/button_Book Appointment")): Object: 'Object Repository/Page_CURA Healthcare Service/button_Book Appointment' is clicked on

2023-11-23 12:04:49 - [MESSAGE][PASSED] - Object: 'Object Repository/Page_CURA Healthcare Service/button_Book Appointment' is clicked on

2023-11-23 12:04:49 - [TEST_STEP][PASSED] - click(findTestObject("Object Repository/Page_CURA Healthcare Service/td_16")): Object: 'Object Repository/Page_CURA Healthcare Service/td_16' is clicked on

2023-11-23 12:04:49 - [MESSAGE][PASSED] - Object: 'Object Repository/Page_CURA Healthcare Service/td_16' is clicked on

2023-11-23 12:04:49 - [TEST_STEP][PASSED] - click(findTestObject("Object Repository/Page_CURA Healthcare Service/button_Book Appointment")): Object: 'Object Repository/Page_CURA Healthcare Service/button_Book Appointment' is clicked on

2023-11-23 12:04:50 - [MESSAGE][PASSED] - Object: 'Object Repository/Page_CURA Healthcare Service/button_Book Appointment' is clicked on

2023-11-23 12:04:50 - [TEST_STEP][PASSED] - click(findTestObject("Object Repository/Page_CURA Healthcare Service/a_Go to Homepage")): Object: 'Object Repository/Page_CURA Healthcare Service/a_Go to Homepage' is clicked on

2023-11-23 12:04:51 - [MESSAGE][PASSED] - Object: 'Object Repository/Page_CURA Healthcare Service/a_Go to Homepage' is clicked on

2023-11-23 12:04:51 - [TEST_STEP][PASSED] - closeBrowser(): Browser is closed

2023-11-23 12:04:52 - [MESSAGE][PASSED] - Browser is closed]]></system-out>
         <system-err><![CDATA[]]></system-err>
      </testcase>
      <system-out><![CDATA[2023-11-23 12:03:50 - [TEST_SUITE][PASSED] - Test_Suite_Katlon_demo_Application - Copy (1): Test Cases/katlon_demo_/katlon_demo_application1]]></system-out>
      <system-err><![CDATA[]]></system-err>
   </testsuite>
</testsuites>
