<?xml version="1.0" encoding="UTF-8"?>
<testsuites name="Test_Suite_Katlon_demo_Application - Copy (1)" time="148.446" tests="3" failures="0" errors="0">
   <testsuite name="Test_Suite_Katlon_demo_Application - Copy (1)" tests="3" failures="0" errors="0" time="148.446" skipped="0" timestamp="2023-11-23 15:22:45" hostname="ADMIN - MeghasriK" id="Test Suites/katlon_demo_Application/Test_Suite_Katlon_demo_Application - Copy (1)">
      <properties>
         <property name="deviceName" value=""/>
         <property name="devicePlatform" value=""/>
         <property name="logFolder" value="C:\\Users\\ADMIN\\git\\Katalon-to-Git\\My_Katalon_1st_DemoProject_Msk\\Reports\\20231123_151358\\katlon_demo_Application\\Test_Suite_Katlon_demo_Application - Copy (1)\\20231123_151401"/>
         <property name="logFiles" value="C:\\Users\\ADMIN\\git\\Katalon-to-Git\\My_Katalon_1st_DemoProject_Msk\\Reports\\20231123_151358\\katlon_demo_Application\\Test_Suite_Katlon_demo_Application - Copy (1)\\20231123_151401\\execution0.log"/>
         <property name="attachments" value=""/>
         <property name="hostName" value="ADMIN - MeghasriK"/>
         <property name="os" value="Windows 11 64bit"/>
         <property name="katalonVersion" value="8.6.8.208"/>
         <property name="browser" value="Chrome 119.0.0.0"/>
         <property name="hostAddress" value="192.168.1.16"/>
         <property name="sessionId" value="1ec488d828eefd9cd7b8c9c2d3bdd70e"/>
         <property name="seleniumVersion" value="3.141.59"/>
         <property name="proxyInformation" value="ProxyInformation { proxyOption=NO_PROXY, proxyServerType=HTTP, username=, password=********, proxyServerAddress=, proxyServerPort=0, executionList=&quot;&quot;, isApplyToDesiredCapabilities=true }"/>
         <property name="platform" value="Windows 11"/>
      </properties>
      <testcase name="Test Cases/JPetStore/My_1st_TestCase_Msk" time="36.719" classname="Test Cases/JPetStore/My_1st_TestCase_Msk" status="PASSED">
         <system-out><![CDATA[2023-11-23 15:22:45 - [TEST_CASE][PASSED] - Test Cases/JPetStore/My_1st_TestCase_Msk: Test Cases/JPetStore/My_1st_TestCase_Msk

2023-11-23 15:22:46 - [TEST_STEP][PASSED] - openBrowser(""): Browser is opened with url: ''

2023-11-23 15:22:46 - [MESSAGE][INFO] - Starting 'Chrome' driver

2023-11-23 15:22:46 - [MESSAGE][INFO] - Action delay is set to 0 milliseconds

2023-11-23 15:22:48 - [MESSAGE][PASSED] - Browser is opened with url: ''

2023-11-23 15:22:48 - [TEST_STEP][PASSED] - navigateToUrl("https://jpetstore.aspectran.com/catalog/"): Navigate to 'https://jpetstore.aspectran.com/catalog/' successfully

2023-11-23 15:22:54 - [MESSAGE][PASSED] - Navigate to 'https://jpetstore.aspectran.com/catalog/' successfully

2023-11-23 15:22:54 - [TEST_STEP][PASSED] - click(findTestObject("Object Repository/My_1st_OR_MSK/Page_JPetStore Demo/a_Fish")): Object: 'Object Repository/My_1st_OR_MSK/Page_JPetStore Demo/a_Fish' is clicked on

2023-11-23 15:22:56 - [MESSAGE][PASSED] - Object: 'Object Repository/My_1st_OR_MSK/Page_JPetStore Demo/a_Fish' is clicked on

2023-11-23 15:22:56 - [TEST_STEP][PASSED] - click(findTestObject("Object Repository/My_1st_OR_MSK/Page_JPetStore Demo/a_FI-SW-01")): Object: 'Object Repository/My_1st_OR_MSK/Page_JPetStore Demo/a_FI-SW-01' is clicked on

2023-11-23 15:22:57 - [MESSAGE][PASSED] - Object: 'Object Repository/My_1st_OR_MSK/Page_JPetStore Demo/a_FI-SW-01' is clicked on

2023-11-23 15:22:57 - [TEST_STEP][PASSED] - click(findTestObject("Object Repository/My_1st_OR_MSK/Page_JPetStore Demo/a_Add to Cart")): Object: 'Object Repository/My_1st_OR_MSK/Page_JPetStore Demo/a_Add to Cart' is clicked on

2023-11-23 15:22:59 - [MESSAGE][PASSED] - Object: 'Object Repository/My_1st_OR_MSK/Page_JPetStore Demo/a_Add to Cart' is clicked on

2023-11-23 15:22:59 - [TEST_STEP][PASSED] - setText(findTestObject("Object Repository/My_1st_OR_MSK/Page_JPetStore Demo/input_true_EST-1"), "2"): Text '2' is set on object 'Object Repository/My_1st_OR_MSK/Page_JPetStore Demo/input_true_EST-1'

2023-11-23 15:23:00 - [MESSAGE][PASSED] - Text '2' is set on object 'Object Repository/My_1st_OR_MSK/Page_JPetStore Demo/input_true_EST-1'

2023-11-23 15:23:00 - [TEST_STEP][PASSED] - click(findTestObject("Object Repository/My_1st_OR_MSK/Page_JPetStore Demo/button_Update Cart")): Object: 'Object Repository/My_1st_OR_MSK/Page_JPetStore Demo/button_Update Cart' is clicked on

2023-11-23 15:23:04 - [MESSAGE][PASSED] - Object: 'Object Repository/My_1st_OR_MSK/Page_JPetStore Demo/button_Update Cart' is clicked on

2023-11-23 15:23:04 - [TEST_STEP][PASSED] - click(findTestObject("Object Repository/My_1st_OR_MSK/Page_JPetStore Demo/a_Proceed to Checkout")): Object: 'Object Repository/My_1st_OR_MSK/Page_JPetStore Demo/a_Proceed to Checkout' is clicked on

2023-11-23 15:23:07 - [MESSAGE][PASSED] - Object: 'Object Repository/My_1st_OR_MSK/Page_JPetStore Demo/a_Proceed to Checkout' is clicked on

2023-11-23 15:23:07 - [TEST_STEP][PASSED] - click(findTestObject("Object Repository/My_1st_OR_MSK/Page_JPetStore Demo/button_Login")): Object: 'Object Repository/My_1st_OR_MSK/Page_JPetStore Demo/button_Login' is clicked on

2023-11-23 15:23:09 - [MESSAGE][PASSED] - Object: 'Object Repository/My_1st_OR_MSK/Page_JPetStore Demo/button_Login' is clicked on

2023-11-23 15:23:09 - [TEST_STEP][PASSED] - click(findTestObject("Object Repository/My_1st_OR_MSK/Page_JPetStore Demo/button_Continue")): Object: 'Object Repository/My_1st_OR_MSK/Page_JPetStore Demo/button_Continue' is clicked on

2023-11-23 15:23:12 - [MESSAGE][PASSED] - Object: 'Object Repository/My_1st_OR_MSK/Page_JPetStore Demo/button_Continue' is clicked on

2023-11-23 15:23:12 - [TEST_STEP][PASSED] - click(findTestObject("Object Repository/My_1st_OR_MSK/Page_JPetStore Demo/input_Ship to different address_shippingAdd_0f9b79")): Object: 'Object Repository/My_1st_OR_MSK/Page_JPetStore Demo/input_Ship to different address_shippingAdd_0f9b79' is clicked on

2023-11-23 15:23:13 - [MESSAGE][PASSED] - Object: 'Object Repository/My_1st_OR_MSK/Page_JPetStore Demo/input_Ship to different address_shippingAdd_0f9b79' is clicked on

2023-11-23 15:23:13 - [TEST_STEP][PASSED] - setText(findTestObject("Object Repository/My_1st_OR_MSK/Page_JPetStore Demo/input_Zip_billZip"), "12356"): Text '12356' is set on object 'Object Repository/My_1st_OR_MSK/Page_JPetStore Demo/input_Zip_billZip'

2023-11-23 15:23:14 - [MESSAGE][PASSED] - Text '12356' is set on object 'Object Repository/My_1st_OR_MSK/Page_JPetStore Demo/input_Zip_billZip'

2023-11-23 15:23:14 - [TEST_STEP][PASSED] - click(findTestObject("Object Repository/My_1st_OR_MSK/Page_JPetStore Demo/button_Continue")): Object: 'Object Repository/My_1st_OR_MSK/Page_JPetStore Demo/button_Continue' is clicked on

2023-11-23 15:23:15 - [MESSAGE][PASSED] - Object: 'Object Repository/My_1st_OR_MSK/Page_JPetStore Demo/button_Continue' is clicked on

2023-11-23 15:23:15 - [TEST_STEP][PASSED] - click(findTestObject("Object Repository/My_1st_OR_MSK/Page_JPetStore Demo/button_Continue")): Object: 'Object Repository/My_1st_OR_MSK/Page_JPetStore Demo/button_Continue' is clicked on

2023-11-23 15:23:17 - [MESSAGE][PASSED] - Object: 'Object Repository/My_1st_OR_MSK/Page_JPetStore Demo/button_Continue' is clicked on

2023-11-23 15:23:17 - [TEST_STEP][PASSED] - setText(findTestObject("Object Repository/My_1st_OR_MSK/Page_JPetStore Demo/input_Zip_shipZip"), "1256"): Text '1256' is set on object 'Object Repository/My_1st_OR_MSK/Page_JPetStore Demo/input_Zip_shipZip'

2023-11-23 15:23:18 - [MESSAGE][PASSED] - Text '1256' is set on object 'Object Repository/My_1st_OR_MSK/Page_JPetStore Demo/input_Zip_shipZip'

2023-11-23 15:23:18 - [TEST_STEP][PASSED] - click(findTestObject("Object Repository/My_1st_OR_MSK/Page_JPetStore Demo/button_Continue")): Object: 'Object Repository/My_1st_OR_MSK/Page_JPetStore Demo/button_Continue' is clicked on

2023-11-23 15:23:19 - [MESSAGE][PASSED] - Object: 'Object Repository/My_1st_OR_MSK/Page_JPetStore Demo/button_Continue' is clicked on

2023-11-23 15:23:19 - [TEST_STEP][PASSED] - click(findTestObject("Object Repository/My_1st_OR_MSK/Page_JPetStore Demo/button_Confirm")): Object: 'Object Repository/My_1st_OR_MSK/Page_JPetStore Demo/button_Confirm' is clicked on

2023-11-23 15:23:21 - [MESSAGE][PASSED] - Object: 'Object Repository/My_1st_OR_MSK/Page_JPetStore Demo/button_Confirm' is clicked on

2023-11-23 15:23:21 - [TEST_STEP][PASSED] - closeBrowser(): Browser is closed

2023-11-23 15:23:22 - [MESSAGE][PASSED] - Browser is closed]]></system-out>
         <system-err><![CDATA[]]></system-err>
      </testcase>
      <testcase name="Test Cases/katlon_demo_/katlon_demo_application" time="74.595" classname="Test Cases/katlon_demo_/katlon_demo_application" status="PASSED">
         <system-out><![CDATA[2023-11-23 15:23:22 - [TEST_CASE][PASSED] - Test Cases/katlon_demo_/katlon_demo_application: Test Cases/katlon_demo_/katlon_demo_application

2023-11-23 15:23:23 - [TEST_STEP][PASSED] - openBrowser(""): Browser is opened with url: ''

2023-11-23 15:23:23 - [MESSAGE][INFO] - Starting 'Chrome' driver

2023-11-23 15:23:23 - [MESSAGE][INFO] - Action delay is set to 0 milliseconds

2023-11-23 15:23:24 - [MESSAGE][PASSED] - Browser is opened with url: ''

2023-11-23 15:23:24 - [TEST_STEP][PASSED] - navigateToUrl("https://katalon-demo-cura.herokuapp.com/"): Navigate to 'https://katalon-demo-cura.herokuapp.com/' successfully

2023-11-23 15:24:18 - [MESSAGE][PASSED] - Navigate to 'https://katalon-demo-cura.herokuapp.com/' successfully

2023-11-23 15:24:18 - [TEST_STEP][PASSED] - click(findTestObject("Object Repository/Page_CURA Healthcare Service/a_Make Appointment")): Object: 'Object Repository/Page_CURA Healthcare Service/a_Make Appointment' is clicked on

2023-11-23 15:24:25 - [MESSAGE][PASSED] - Object: 'Object Repository/Page_CURA Healthcare Service/a_Make Appointment' is clicked on

2023-11-23 15:24:25 - [TEST_STEP][PASSED] - click(findTestObject("Object Repository/Page_CURA Healthcare Service/input_Demo account_form-control")): Object: 'Object Repository/Page_CURA Healthcare Service/input_Demo account_form-control' is clicked on

2023-11-23 15:24:26 - [MESSAGE][PASSED] - Object: 'Object Repository/Page_CURA Healthcare Service/input_Demo account_form-control' is clicked on

2023-11-23 15:24:26 - [TEST_STEP][PASSED] - setText(findTestObject("Object Repository/Page_CURA Healthcare Service/input_Username_username"), "John Doe"): Text 'John Doe' is set on object 'Object Repository/Page_CURA Healthcare Service/input_Username_username'

2023-11-23 15:24:27 - [MESSAGE][PASSED] - Text 'John Doe' is set on object 'Object Repository/Page_CURA Healthcare Service/input_Username_username'

2023-11-23 15:24:27 - [TEST_STEP][PASSED] - click(findTestObject("Object Repository/Page_CURA Healthcare Service/input_Demo account_form-control_1")): Object: 'Object Repository/Page_CURA Healthcare Service/input_Demo account_form-control_1' is clicked on

2023-11-23 15:24:27 - [MESSAGE][PASSED] - Object: 'Object Repository/Page_CURA Healthcare Service/input_Demo account_form-control_1' is clicked on

2023-11-23 15:24:27 - [TEST_STEP][PASSED] - setEncryptedText(findTestObject("Object Repository/Page_CURA Healthcare Service/input_Password_password"), "g3/DOGG74jC3Flrr3yH+3D/yKbOqqUNM"): Text ****** has been set on object 'Object Repository/Page_CURA Healthcare Service/input_Password_password'

2023-11-23 15:24:28 - [MESSAGE][PASSED] - Text ****** has been set on object 'Object Repository/Page_CURA Healthcare Service/input_Password_password'

2023-11-23 15:24:28 - [TEST_STEP][PASSED] - click(findTestObject("Object Repository/Page_CURA Healthcare Service/button_Login")): Object: 'Object Repository/Page_CURA Healthcare Service/button_Login' is clicked on

2023-11-23 15:24:31 - [MESSAGE][PASSED] - Object: 'Object Repository/Page_CURA Healthcare Service/button_Login' is clicked on

2023-11-23 15:24:31 - [TEST_STEP][PASSED] - doubleClick(findTestObject("Object Repository/Page_CURA Healthcare Service/div_Visit Date (Required)_input-group-addon")): Object: 'Object Repository/Page_CURA Healthcare Service/div_Visit Date (Required)_input-group-addon' is double clicked on

2023-11-23 15:24:32 - [MESSAGE][PASSED] - Object: 'Object Repository/Page_CURA Healthcare Service/div_Visit Date (Required)_input-group-addon' is double clicked on

2023-11-23 15:24:32 - [TEST_STEP][PASSED] - click(findTestObject("Object Repository/Page_CURA Healthcare Service/td_23")): Object: 'Object Repository/Page_CURA Healthcare Service/td_23' is clicked on

2023-11-23 15:24:32 - [MESSAGE][PASSED] - Object: 'Object Repository/Page_CURA Healthcare Service/td_23' is clicked on

2023-11-23 15:24:32 - [TEST_STEP][PASSED] - setText(findTestObject("Object Repository/Page_CURA Healthcare Service/textarea_Comment_comment"), "megha"): Text 'megha' is set on object 'Object Repository/Page_CURA Healthcare Service/textarea_Comment_comment'

2023-11-23 15:24:33 - [MESSAGE][PASSED] - Text 'megha' is set on object 'Object Repository/Page_CURA Healthcare Service/textarea_Comment_comment'

2023-11-23 15:24:33 - [TEST_STEP][PASSED] - click(findTestObject("Object Repository/Page_CURA Healthcare Service/button_Book Appointment")): Object: 'Object Repository/Page_CURA Healthcare Service/button_Book Appointment' is clicked on

2023-11-23 15:24:34 - [MESSAGE][PASSED] - Object: 'Object Repository/Page_CURA Healthcare Service/button_Book Appointment' is clicked on

2023-11-23 15:24:34 - [TEST_STEP][PASSED] - click(findTestObject("Object Repository/Page_CURA Healthcare Service/a_Go to Homepage")): Object: 'Object Repository/Page_CURA Healthcare Service/a_Go to Homepage' is clicked on

2023-11-23 15:24:36 - [MESSAGE][PASSED] - Object: 'Object Repository/Page_CURA Healthcare Service/a_Go to Homepage' is clicked on

2023-11-23 15:24:36 - [TEST_STEP][PASSED] - closeBrowser(): Browser is closed

2023-11-23 15:24:37 - [MESSAGE][PASSED] - Browser is closed]]></system-out>
         <system-err><![CDATA[]]></system-err>
      </testcase>
      <testcase name="Test Cases/katlon_demo_/katlon_demo_application1" time="36.794" classname="Test Cases/katlon_demo_/katlon_demo_application1" status="PASSED">
         <system-out><![CDATA[2023-11-23 15:24:37 - [TEST_CASE][PASSED] - Test Cases/katlon_demo_/katlon_demo_application1: Test Cases/katlon_demo_/katlon_demo_application1

2023-11-23 15:24:37 - [TEST_STEP][PASSED] - openBrowser(""): Browser is opened with url: ''

2023-11-23 15:24:37 - [MESSAGE][INFO] - Starting 'Chrome' driver

2023-11-23 15:24:37 - [MESSAGE][INFO] - Action delay is set to 0 milliseconds

2023-11-23 15:24:38 - [MESSAGE][PASSED] - Browser is opened with url: ''

2023-11-23 15:24:38 - [TEST_STEP][PASSED] - navigateToUrl("https://katalon-demo-cura.herokuapp.com/"): Navigate to 'https://katalon-demo-cura.herokuapp.com/' successfully

2023-11-23 15:25:01 - [MESSAGE][PASSED] - Navigate to 'https://katalon-demo-cura.herokuapp.com/' successfully

2023-11-23 15:25:01 - [TEST_STEP][PASSED] - click(findTestObject("Object Repository/Page_CURA Healthcare Service/a_Make Appointment")): Object: 'Object Repository/Page_CURA Healthcare Service/a_Make Appointment' is clicked on

2023-11-23 15:25:04 - [MESSAGE][PASSED] - Object: 'Object Repository/Page_CURA Healthcare Service/a_Make Appointment' is clicked on

2023-11-23 15:25:04 - [TEST_STEP][PASSED] - click(findTestObject("Object Repository/Page_CURA Healthcare Service/input_Demo account_form-control")): Object: 'Object Repository/Page_CURA Healthcare Service/input_Demo account_form-control' is clicked on

2023-11-23 15:25:04 - [MESSAGE][PASSED] - Object: 'Object Repository/Page_CURA Healthcare Service/input_Demo account_form-control' is clicked on

2023-11-23 15:25:04 - [TEST_STEP][PASSED] - setText(findTestObject("Object Repository/Page_CURA Healthcare Service/input_Username_username"), "John Doe"): Text 'John Doe' is set on object 'Object Repository/Page_CURA Healthcare Service/input_Username_username'

2023-11-23 15:25:05 - [MESSAGE][PASSED] - Text 'John Doe' is set on object 'Object Repository/Page_CURA Healthcare Service/input_Username_username'

2023-11-23 15:25:05 - [TEST_STEP][PASSED] - click(findTestObject("Object Repository/Page_CURA Healthcare Service/input_Demo account_form-control_1")): Object: 'Object Repository/Page_CURA Healthcare Service/input_Demo account_form-control_1' is clicked on

2023-11-23 15:25:06 - [MESSAGE][PASSED] - Object: 'Object Repository/Page_CURA Healthcare Service/input_Demo account_form-control_1' is clicked on

2023-11-23 15:25:06 - [TEST_STEP][PASSED] - setEncryptedText(findTestObject("Object Repository/Page_CURA Healthcare Service/input_Password_password"), "g3/DOGG74jC3Flrr3yH+3D/yKbOqqUNM"): Text ****** has been set on object 'Object Repository/Page_CURA Healthcare Service/input_Password_password'

2023-11-23 15:25:06 - [MESSAGE][PASSED] - Text ****** has been set on object 'Object Repository/Page_CURA Healthcare Service/input_Password_password'

2023-11-23 15:25:06 - [TEST_STEP][PASSED] - click(findTestObject("Object Repository/Page_CURA Healthcare Service/button_Login")): Object: 'Object Repository/Page_CURA Healthcare Service/button_Login' is clicked on

2023-11-23 15:25:08 - [MESSAGE][PASSED] - Object: 'Object Repository/Page_CURA Healthcare Service/button_Login' is clicked on

2023-11-23 15:25:08 - [TEST_STEP][PASSED] - setText(findTestObject("Object Repository/Page_CURA Healthcare Service/textarea_Comment_comment"), "inceare"): Text 'inceare' is set on object 'Object Repository/Page_CURA Healthcare Service/textarea_Comment_comment'

2023-11-23 15:25:09 - [MESSAGE][PASSED] - Text 'inceare' is set on object 'Object Repository/Page_CURA Healthcare Service/textarea_Comment_comment'

2023-11-23 15:25:09 - [TEST_STEP][PASSED] - click(findTestObject("Object Repository/Page_CURA Healthcare Service/button_Book Appointment")): Object: 'Object Repository/Page_CURA Healthcare Service/button_Book Appointment' is clicked on

2023-11-23 15:25:10 - [MESSAGE][PASSED] - Object: 'Object Repository/Page_CURA Healthcare Service/button_Book Appointment' is clicked on

2023-11-23 15:25:10 - [TEST_STEP][PASSED] - click(findTestObject("Object Repository/Page_CURA Healthcare Service/td_16")): Object: 'Object Repository/Page_CURA Healthcare Service/td_16' is clicked on

2023-11-23 15:25:10 - [MESSAGE][PASSED] - Object: 'Object Repository/Page_CURA Healthcare Service/td_16' is clicked on

2023-11-23 15:25:10 - [TEST_STEP][PASSED] - click(findTestObject("Object Repository/Page_CURA Healthcare Service/button_Book Appointment")): Object: 'Object Repository/Page_CURA Healthcare Service/button_Book Appointment' is clicked on

2023-11-23 15:25:12 - [MESSAGE][PASSED] - Object: 'Object Repository/Page_CURA Healthcare Service/button_Book Appointment' is clicked on

2023-11-23 15:25:12 - [TEST_STEP][PASSED] - click(findTestObject("Object Repository/Page_CURA Healthcare Service/a_Go to Homepage")): Object: 'Object Repository/Page_CURA Healthcare Service/a_Go to Homepage' is clicked on

2023-11-23 15:25:13 - [MESSAGE][PASSED] - Object: 'Object Repository/Page_CURA Healthcare Service/a_Go to Homepage' is clicked on

2023-11-23 15:25:13 - [TEST_STEP][PASSED] - closeBrowser(): Browser is closed

2023-11-23 15:25:13 - [MESSAGE][PASSED] - Browser is closed]]></system-out>
         <system-err><![CDATA[]]></system-err>
      </testcase>
      <system-out><![CDATA[2023-11-23 15:22:45 - [TEST_SUITE][PASSED] - Test_Suite_Katlon_demo_Application - Copy (1): Test Cases/katlon_demo_/katlon_demo_application1]]></system-out>
      <system-err><![CDATA[]]></system-err>
   </testsuite>
</testsuites>
