<?xml version="1.0" encoding="UTF-8"?>
<testsuites name="Test_Suite_Katlon_demo_Application" time="34.883" tests="2" failures="0" errors="0">
   <testsuite name="Test_Suite_Katlon_demo_Application" tests="2" failures="0" errors="0" time="34.883" skipped="0" timestamp="2023-11-28 08:35:34" hostname="ADMIN - MeghasriK" id="Test Suites/katlon_demo_Application/Test_Suite_Katlon_demo_Application">
      <properties>
         <property name="deviceName" value=""/>
         <property name="devicePlatform" value=""/>
         <property name="logFolder" value="C:\\Users\\ADMIN\\git\\Katalon-to-Git\\My_Katalon_1st_DemoProject_Msk\\Reports\\20231128_083521\\katlon_demo_Application\\Test_Suite_Katlon_demo_Application\\20231128_083522"/>
         <property name="logFiles" value="C:\\Users\\ADMIN\\git\\Katalon-to-Git\\My_Katalon_1st_DemoProject_Msk\\Reports\\20231128_083521\\katlon_demo_Application\\Test_Suite_Katlon_demo_Application\\20231128_083522\\execution0.log"/>
         <property name="attachments" value=""/>
         <property name="hostName" value="ADMIN - MeghasriK"/>
         <property name="os" value="Windows 11 64bit"/>
         <property name="katalonVersion" value="8.6.8.208"/>
         <property name="browser" value="Chrome 119.0.0.0"/>
         <property name="hostAddress" value="192.168.1.20"/>
         <property name="sessionId" value="f205309eb4cd5b3d30af8760789ea6d2"/>
         <property name="seleniumVersion" value="3.141.59"/>
         <property name="proxyInformation" value="ProxyInformation { proxyOption=NO_PROXY, proxyServerType=HTTP, username=, password=********, proxyServerAddress=, proxyServerPort=0, executionList=&quot;&quot;, isApplyToDesiredCapabilities=true }"/>
         <property name="platform" value="Windows 11"/>
      </properties>
      <testcase name="Test Cases/katlon_demo_/katlon_demo_application" time="13.58" classname="Test Cases/katlon_demo_/katlon_demo_application" status="PASSED">
         <system-out><![CDATA[2023-11-28 08:35:35 - [TEST_CASE][PASSED] - Test Cases/katlon_demo_/katlon_demo_application: Test Cases/katlon_demo_/katlon_demo_application

2023-11-28 08:35:35 - [TEST_STEP][PASSED] - openBrowser(""): Browser is opened with url: ''

2023-11-28 08:35:35 - [MESSAGE][INFO] - Starting 'Chrome' driver

2023-11-28 08:35:35 - [MESSAGE][INFO] - Action delay is set to 0 milliseconds

2023-11-28 08:35:37 - [MESSAGE][PASSED] - Browser is opened with url: ''

2023-11-28 08:35:37 - [TEST_STEP][PASSED] - navigateToUrl("https://katalon-demo-cura.herokuapp.com/"): Navigate to 'https://katalon-demo-cura.herokuapp.com/' successfully

2023-11-28 08:35:40 - [MESSAGE][PASSED] - Navigate to 'https://katalon-demo-cura.herokuapp.com/' successfully

2023-11-28 08:35:40 - [TEST_STEP][PASSED] - click(findTestObject("Object Repository/Page_CURA Healthcare Service/a_Make Appointment")): Object: 'Object Repository/Page_CURA Healthcare Service/a_Make Appointment' is clicked on

2023-11-28 08:35:41 - [MESSAGE][PASSED] - Object: 'Object Repository/Page_CURA Healthcare Service/a_Make Appointment' is clicked on

2023-11-28 08:35:41 - [TEST_STEP][PASSED] - click(findTestObject("Object Repository/Page_CURA Healthcare Service/input_Demo account_form-control")): Object: 'Object Repository/Page_CURA Healthcare Service/input_Demo account_form-control' is clicked on

2023-11-28 08:35:42 - [MESSAGE][PASSED] - Object: 'Object Repository/Page_CURA Healthcare Service/input_Demo account_form-control' is clicked on

2023-11-28 08:35:42 - [TEST_STEP][PASSED] - setText(findTestObject("Object Repository/Page_CURA Healthcare Service/input_Username_username"), "John Doe"): Text 'John Doe' is set on object 'Object Repository/Page_CURA Healthcare Service/input_Username_username'

2023-11-28 08:35:42 - [MESSAGE][PASSED] - Text 'John Doe' is set on object 'Object Repository/Page_CURA Healthcare Service/input_Username_username'

2023-11-28 08:35:42 - [TEST_STEP][PASSED] - click(findTestObject("Object Repository/Page_CURA Healthcare Service/input_Demo account_form-control_1")): Object: 'Object Repository/Page_CURA Healthcare Service/input_Demo account_form-control_1' is clicked on

2023-11-28 08:35:43 - [MESSAGE][PASSED] - Object: 'Object Repository/Page_CURA Healthcare Service/input_Demo account_form-control_1' is clicked on

2023-11-28 08:35:43 - [TEST_STEP][PASSED] - setEncryptedText(findTestObject("Object Repository/Page_CURA Healthcare Service/input_Password_password"), "g3/DOGG74jC3Flrr3yH+3D/yKbOqqUNM"): Text ****** has been set on object 'Object Repository/Page_CURA Healthcare Service/input_Password_password'

2023-11-28 08:35:43 - [MESSAGE][PASSED] - Text ****** has been set on object 'Object Repository/Page_CURA Healthcare Service/input_Password_password'

2023-11-28 08:35:43 - [TEST_STEP][PASSED] - click(findTestObject("Object Repository/Page_CURA Healthcare Service/button_Login")): Object: 'Object Repository/Page_CURA Healthcare Service/button_Login' is clicked on

2023-11-28 08:35:44 - [MESSAGE][PASSED] - Object: 'Object Repository/Page_CURA Healthcare Service/button_Login' is clicked on

2023-11-28 08:35:44 - [TEST_STEP][PASSED] - doubleClick(findTestObject("Object Repository/Page_CURA Healthcare Service/div_Visit Date (Required)_input-group-addon")): Object: 'Object Repository/Page_CURA Healthcare Service/div_Visit Date (Required)_input-group-addon' is double clicked on

2023-11-28 08:35:45 - [MESSAGE][PASSED] - Object: 'Object Repository/Page_CURA Healthcare Service/div_Visit Date (Required)_input-group-addon' is double clicked on

2023-11-28 08:35:45 - [TEST_STEP][PASSED] - click(findTestObject("Object Repository/Page_CURA Healthcare Service/td_23")): Object: 'Object Repository/Page_CURA Healthcare Service/td_23' is clicked on

2023-11-28 08:35:45 - [MESSAGE][PASSED] - Object: 'Object Repository/Page_CURA Healthcare Service/td_23' is clicked on

2023-11-28 08:35:45 - [TEST_STEP][PASSED] - setText(findTestObject("Object Repository/Page_CURA Healthcare Service/textarea_Comment_comment"), "megha"): Text 'megha' is set on object 'Object Repository/Page_CURA Healthcare Service/textarea_Comment_comment'

2023-11-28 08:35:46 - [MESSAGE][PASSED] - Text 'megha' is set on object 'Object Repository/Page_CURA Healthcare Service/textarea_Comment_comment'

2023-11-28 08:35:46 - [TEST_STEP][PASSED] - click(findTestObject("Object Repository/Page_CURA Healthcare Service/button_Book Appointment")): Object: 'Object Repository/Page_CURA Healthcare Service/button_Book Appointment' is clicked on

2023-11-28 08:35:47 - [MESSAGE][PASSED] - Object: 'Object Repository/Page_CURA Healthcare Service/button_Book Appointment' is clicked on

2023-11-28 08:35:47 - [TEST_STEP][PASSED] - click(findTestObject("Object Repository/Page_CURA Healthcare Service/a_Go to Homepage")): Object: 'Object Repository/Page_CURA Healthcare Service/a_Go to Homepage' is clicked on

2023-11-28 08:35:47 - [MESSAGE][PASSED] - Object: 'Object Repository/Page_CURA Healthcare Service/a_Go to Homepage' is clicked on

2023-11-28 08:35:47 - [TEST_STEP][PASSED] - closeBrowser(): Browser is closed

2023-11-28 08:35:48 - [MESSAGE][PASSED] - Browser is closed]]></system-out>
         <system-err><![CDATA[]]></system-err>
      </testcase>
      <testcase name="Test Cases/JPetStore/My 3rd Test Case" time="21.05" classname="Test Cases/JPetStore/My 3rd Test Case" status="PASSED">
         <system-out><![CDATA[2023-11-28 08:35:48 - [TEST_CASE][PASSED] - Test Cases/JPetStore/My 3rd Test Case: Test Cases/JPetStore/My 3rd Test Case

2023-11-28 08:35:48 - [TEST_STEP][PASSED] - openBrowser(""): Browser is opened with url: ''

2023-11-28 08:35:48 - [MESSAGE][INFO] - Starting 'Chrome' driver

2023-11-28 08:35:48 - [MESSAGE][INFO] - Action delay is set to 0 milliseconds

2023-11-28 08:35:50 - [MESSAGE][PASSED] - Browser is opened with url: ''

2023-11-28 08:35:50 - [TEST_STEP][PASSED] - navigateToUrl("https://www.advantageonlineshopping.com/#/"): Navigate to 'https://www.advantageonlineshopping.com/#/' successfully

2023-11-28 08:35:53 - [MESSAGE][PASSED] - Navigate to 'https://www.advantageonlineshopping.com/#/' successfully

2023-11-28 08:35:53 - [TEST_STEP][PASSED] - click(findTestObject("Object Repository/Page_Advantage Shopping/div_SPEAKERS                        Shop Now")): Object: 'Object Repository/Page_Advantage Shopping/div_SPEAKERS                        Shop Now' is clicked on

2023-11-28 08:35:58 - [MESSAGE][PASSED] - Object: 'Object Repository/Page_Advantage Shopping/div_SPEAKERS                        Shop Now' is clicked on

2023-11-28 08:35:58 - [TEST_STEP][PASSED] - click(findTestObject("Object Repository/Page_Advantage Shopping/button_BUY NOW")): Object: 'Object Repository/Page_Advantage Shopping/button_BUY NOW' is clicked on

2023-11-28 08:36:03 - [MESSAGE][PASSED] - Object: 'Object Repository/Page_Advantage Shopping/button_BUY NOW' is clicked on

2023-11-28 08:36:03 - [TEST_STEP][PASSED] - click(findTestObject("Object Repository/Page_Advantage Shopping/span_Color_rabbit")): Object: 'Object Repository/Page_Advantage Shopping/span_Color_rabbit' is clicked on

2023-11-28 08:36:05 - [MESSAGE][PASSED] - Object: 'Object Repository/Page_Advantage Shopping/span_Color_rabbit' is clicked on

2023-11-28 08:36:05 - [TEST_STEP][PASSED] - click(findTestObject("Object Repository/Page_Advantage Shopping/button_ADD TO CART")): Object: 'Object Repository/Page_Advantage Shopping/button_ADD TO CART' is clicked on

2023-11-28 08:36:06 - [MESSAGE][PASSED] - Object: 'Object Repository/Page_Advantage Shopping/button_ADD TO CART' is clicked on

2023-11-28 08:36:06 - [TEST_STEP][PASSED] - click(findTestObject("Object Repository/Page_Advantage Shopping/button_CHECKOUT  (200.00)")): Object: 'Object Repository/Page_Advantage Shopping/button_CHECKOUT  (200.00)' is clicked on

2023-11-28 08:36:06 - [MESSAGE][PASSED] - Object: 'Object Repository/Page_Advantage Shopping/button_CHECKOUT  (200.00)' is clicked on

2023-11-28 08:36:06 - [TEST_STEP][PASSED] - click(findTestObject("Object Repository/Page_Advantage Shopping/button_CHECKOUT  (200.00)")): Object: 'Object Repository/Page_Advantage Shopping/button_CHECKOUT  (200.00)' is clicked on

2023-11-28 08:36:07 - [MESSAGE][PASSED] - Object: 'Object Repository/Page_Advantage Shopping/button_CHECKOUT  (200.00)' is clicked on

2023-11-28 08:36:07 - [TEST_STEP][PASSED] - click(findTestObject("Object Repository/Page_Advantage Shopping/button_CHECKOUT  (200.00)")): Object: 'Object Repository/Page_Advantage Shopping/button_CHECKOUT  (200.00)' is clicked on

2023-11-28 08:36:08 - [MESSAGE][PASSED] - Object: 'Object Repository/Page_Advantage Shopping/button_CHECKOUT  (200.00)' is clicked on

2023-11-28 08:36:08 - [TEST_STEP][PASSED] - rightClick(findTestObject("Object Repository/Page_Advantage Shopping/button_CHECKOUT  (200.00)")): Object: 'Object Repository/Page_Advantage Shopping/button_CHECKOUT  (200.00)' is right clicked on

2023-11-28 08:36:08 - [MESSAGE][PASSED] - Object: 'Object Repository/Page_Advantage Shopping/button_CHECKOUT  (200.00)' is right clicked on

2023-11-28 08:36:08 - [TEST_STEP][PASSED] - click(findTestObject("Object Repository/Page_Advantage Shopping/button_CHECKOUT  (200.00)")): Object: 'Object Repository/Page_Advantage Shopping/button_CHECKOUT  (200.00)' is clicked on

2023-11-28 08:36:09 - [MESSAGE][PASSED] - Object: 'Object Repository/Page_Advantage Shopping/button_CHECKOUT  (200.00)' is clicked on

2023-11-28 08:36:09 - [TEST_STEP][PASSED] - closeBrowser(): Browser is closed

2023-11-28 08:36:09 - [MESSAGE][PASSED] - Browser is closed]]></system-out>
         <system-err><![CDATA[]]></system-err>
      </testcase>
      <system-out><![CDATA[2023-11-28 08:35:34 - [TEST_SUITE][PASSED] - Test_Suite_Katlon_demo_Application: Test Cases/JPetStore/My 3rd Test Case]]></system-out>
      <system-err><![CDATA[]]></system-err>
   </testsuite>
</testsuites>
