<?xml version="1.0" encoding="UTF-8"?>
<testsuites name="Msk.11" time="12.1" tests="1" failures="0" errors="0">
   <testsuite name="Msk.11" tests="1" failures="0" errors="0" time="12.1" skipped="0" timestamp="2023-11-28 12:00:49" hostname="ADMIN - MeghasriK" id="Test Suites/Msk.11">
      <properties>
         <property name="deviceName" value=""/>
         <property name="devicePlatform" value=""/>
         <property name="logFolder" value="C:\\Users\\ADMIN\\Desktop\\MeghasriK_2nd_Project\\Reports\\20231128_120041\\Msk.11\\20231128_120041"/>
         <property name="logFiles" value="C:\\Users\\ADMIN\\Desktop\\MeghasriK_2nd_Project\\Reports\\20231128_120041\\Msk.11\\20231128_120041\\execution0.log"/>
         <property name="attachments" value=""/>
         <property name="hostName" value="ADMIN - MeghasriK"/>
         <property name="os" value="Windows 11 64bit"/>
         <property name="katalonVersion" value="8.6.8.208"/>
         <property name="browser" value="Chrome 119.0.0.0"/>
         <property name="hostAddress" value="192.168.1.20"/>
         <property name="sessionId" value="f2400d3e9755949ecc34569357514a30"/>
         <property name="seleniumVersion" value="3.141.59"/>
         <property name="proxyInformation" value="ProxyInformation { proxyOption=NO_PROXY, proxyServerType=HTTP, username=, password=********, proxyServerAddress=, proxyServerPort=0, executionList=&quot;&quot;, isApplyToDesiredCapabilities=true }"/>
         <property name="platform" value="Windows 11"/>
      </properties>
      <testcase name="Test Cases/Mskreddy.1" time="11.901" classname="Test Cases/Mskreddy.1" status="PASSED">
         <system-out><![CDATA[2023-11-28 12:00:49 - [TEST_CASE][PASSED] - Test Cases/Mskreddy.1: Test Cases/Mskreddy.1

2023-11-28 12:00:49 - [TEST_STEP][PASSED] - openBrowser(""): Browser is opened with url: ''

2023-11-28 12:00:50 - [MESSAGE][INFO] - Starting 'Chrome' driver

2023-11-28 12:00:50 - [MESSAGE][INFO] - Action delay is set to 0 milliseconds

2023-11-28 12:00:51 - [MESSAGE][PASSED] - Browser is opened with url: ''

2023-11-28 12:00:51 - [TEST_STEP][PASSED] - navigateToUrl("https://katalon-demo-cura.herokuapp.com/"): Navigate to 'https://katalon-demo-cura.herokuapp.com/' successfully

2023-11-28 12:00:54 - [MESSAGE][PASSED] - Navigate to 'https://katalon-demo-cura.herokuapp.com/' successfully

2023-11-28 12:00:54 - [TEST_STEP][PASSED] - click(findTestObject("Object Repository/Page_CURA Healthcare Service/a_Make Appointment (2)")): Object: 'Object Repository/Page_CURA Healthcare Service/a_Make Appointment (2)' is clicked on

2023-11-28 12:00:55 - [MESSAGE][PASSED] - Object: 'Object Repository/Page_CURA Healthcare Service/a_Make Appointment (2)' is clicked on

2023-11-28 12:00:55 - [TEST_STEP][PASSED] - setText(findTestObject("Object Repository/Page_CURA Healthcare Service/input_Username_username (2)"), "John Doe"): Text 'John Doe' is set on object 'Object Repository/Page_CURA Healthcare Service/input_Username_username (2)'

2023-11-28 12:00:56 - [MESSAGE][PASSED] - Text 'John Doe' is set on object 'Object Repository/Page_CURA Healthcare Service/input_Username_username (2)'

2023-11-28 12:00:56 - [TEST_STEP][PASSED] - setEncryptedText(findTestObject("Object Repository/Page_CURA Healthcare Service/input_Password_password (2)"), "g3/DOGG74jC3Flrr3yH+3D/yKbOqqUNM"): Text ****** has been set on object 'Object Repository/Page_CURA Healthcare Service/input_Password_password (2)'

2023-11-28 12:00:56 - [MESSAGE][PASSED] - Text ****** has been set on object 'Object Repository/Page_CURA Healthcare Service/input_Password_password (2)'

2023-11-28 12:00:56 - [TEST_STEP][PASSED] - click(findTestObject("Object Repository/Page_CURA Healthcare Service/button_Login (2)")): Object: 'Object Repository/Page_CURA Healthcare Service/button_Login (2)' is clicked on

2023-11-28 12:00:57 - [MESSAGE][PASSED] - Object: 'Object Repository/Page_CURA Healthcare Service/button_Login (2)' is clicked on

2023-11-28 12:00:57 - [TEST_STEP][PASSED] - click(findTestObject("Object Repository/Page_CURA Healthcare Service/span_Visit Date (Required)_glyphicon glyphi_cada34")): Object: 'Object Repository/Page_CURA Healthcare Service/span_Visit Date (Required)_glyphicon glyphi_cada34' is clicked on

2023-11-28 12:00:58 - [MESSAGE][PASSED] - Object: 'Object Repository/Page_CURA Healthcare Service/span_Visit Date (Required)_glyphicon glyphi_cada34' is clicked on

2023-11-28 12:00:58 - [TEST_STEP][PASSED] - click(findTestObject("Object Repository/Page_CURA Healthcare Service/td_30 (2)")): Object: 'Object Repository/Page_CURA Healthcare Service/td_30 (2)' is clicked on

2023-11-28 12:00:58 - [MESSAGE][PASSED] - Object: 'Object Repository/Page_CURA Healthcare Service/td_30 (2)' is clicked on

2023-11-28 12:00:58 - [TEST_STEP][PASSED] - setText(findTestObject("Object Repository/Page_CURA Healthcare Service/textarea_Comment_comment (2)"), "12565"): Text '12565' is set on object 'Object Repository/Page_CURA Healthcare Service/textarea_Comment_comment (2)'

2023-11-28 12:00:59 - [MESSAGE][PASSED] - Text '12565' is set on object 'Object Repository/Page_CURA Healthcare Service/textarea_Comment_comment (2)'

2023-11-28 12:00:59 - [TEST_STEP][PASSED] - click(findTestObject("Object Repository/Page_CURA Healthcare Service/button_Book Appointment (2)")): Object: 'Object Repository/Page_CURA Healthcare Service/button_Book Appointment (2)' is clicked on

2023-11-28 12:01:00 - [MESSAGE][PASSED] - Object: 'Object Repository/Page_CURA Healthcare Service/button_Book Appointment (2)' is clicked on

2023-11-28 12:01:00 - [TEST_STEP][PASSED] - click(findTestObject("Object Repository/Page_CURA Healthcare Service/a_Go to Homepage (2)")): Object: 'Object Repository/Page_CURA Healthcare Service/a_Go to Homepage (2)' is clicked on

2023-11-28 12:01:00 - [MESSAGE][PASSED] - Object: 'Object Repository/Page_CURA Healthcare Service/a_Go to Homepage (2)' is clicked on

2023-11-28 12:01:00 - [TEST_STEP][PASSED] - closeBrowser(): Browser is closed

2023-11-28 12:01:01 - [MESSAGE][PASSED] - Browser is closed]]></system-out>
         <system-err><![CDATA[]]></system-err>
      </testcase>
      <system-out><![CDATA[2023-11-28 12:00:49 - [TEST_SUITE][PASSED] - Msk.11: Test Cases/Mskreddy.1]]></system-out>
      <system-err><![CDATA[]]></system-err>
   </testsuite>
</testsuites>
