<?xml version="1.0" encoding="UTF-8"?>
<testsuites name="My_2nd_TestSuite" time="112.12" tests="2" failures="0" errors="0">
   <testsuite name="My_2nd_TestSuite" tests="2" failures="0" errors="0" time="112.12" skipped="0" timestamp="2023-11-22 12:32:51" hostname="ADMIN - MeghasriK" id="Test Suites/My_2nd_TestSuite">
      <properties>
         <property name="deviceName" value=""/>
         <property name="devicePlatform" value=""/>
         <property name="logFolder" value="C:\\Users\\ADMIN\\git\\Katalon-to-Git\\My_Katalon_1st_DemoProject_Msk\\Reports\\20231122_123209\\My_2nd_TestSuite\\20231122_123209"/>
         <property name="logFiles" value="C:\\Users\\ADMIN\\git\\Katalon-to-Git\\My_Katalon_1st_DemoProject_Msk\\Reports\\20231122_123209\\My_2nd_TestSuite\\20231122_123209\\execution0.log"/>
         <property name="attachments" value=""/>
         <property name="hostName" value="ADMIN - MeghasriK"/>
         <property name="os" value="Windows 11 64bit"/>
         <property name="katalonVersion" value="8.6.8.208"/>
         <property name="browser" value="Chrome 119.0.0.0"/>
         <property name="hostAddress" value="192.168.1.7"/>
         <property name="sessionId" value="0902362ba582b7b3c5a04c3f25dde03b"/>
         <property name="seleniumVersion" value="3.141.59"/>
         <property name="proxyInformation" value="ProxyInformation { proxyOption=NO_PROXY, proxyServerType=HTTP, username=, password=********, proxyServerAddress=, proxyServerPort=0, executionList=&quot;&quot;, isApplyToDesiredCapabilities=true }"/>
         <property name="platform" value="Windows 11"/>
      </properties>
      <testcase name="Test Cases/JPetStore/My_2nd_Testcase_Msk" time="78.325" classname="Test Cases/JPetStore/My_2nd_Testcase_Msk" status="PASSED">
         <system-out><![CDATA[2023-11-22 12:32:51 - [TEST_CASE][PASSED] - Test Cases/JPetStore/My_2nd_Testcase_Msk: Test Cases/JPetStore/My_2nd_Testcase_Msk

2023-11-22 12:32:52 - [TEST_STEP][PASSED] - openBrowser(""): Browser is opened with url: ''

2023-11-22 12:32:52 - [MESSAGE][INFO] - Starting 'Chrome' driver

2023-11-22 12:32:52 - [MESSAGE][INFO] - Action delay is set to 0 milliseconds

2023-11-22 12:32:54 - [MESSAGE][PASSED] - Browser is opened with url: ''

2023-11-22 12:32:54 - [TEST_STEP][PASSED] - navigateToUrl("https://jpetstore.aspectran.com/catalog/"): Navigate to 'https://jpetstore.aspectran.com/catalog/' successfully

2023-11-22 12:32:59 - [MESSAGE][PASSED] - Navigate to 'https://jpetstore.aspectran.com/catalog/' successfully

2023-11-22 12:32:59 - [TEST_STEP][PASSED] - click(findTestObject("Object Repository/My_1st_OR_MSK/Page_JPetStore Demo (1)/a_Dogs")): Object: 'Object Repository/My_1st_OR_MSK/Page_JPetStore Demo (1)/a_Dogs' is clicked on

2023-11-22 12:33:01 - [MESSAGE][PASSED] - Object: 'Object Repository/My_1st_OR_MSK/Page_JPetStore Demo (1)/a_Dogs' is clicked on

2023-11-22 12:33:01 - [TEST_STEP][PASSED] - click(findTestObject("Object Repository/My_1st_OR_MSK/Page_JPetStore Demo (1)/td_K9-BD-01")): Object: 'Object Repository/My_1st_OR_MSK/Page_JPetStore Demo (1)/td_K9-BD-01' is clicked on

2023-11-22 12:33:02 - [MESSAGE][PASSED] - Object: 'Object Repository/My_1st_OR_MSK/Page_JPetStore Demo (1)/td_K9-BD-01' is clicked on

2023-11-22 12:33:02 - [TEST_STEP][PASSED] - click(findTestObject("Object Repository/My_1st_OR_MSK/Page_JPetStore Demo (1)/a_K9-BD-01")): Object: 'Object Repository/My_1st_OR_MSK/Page_JPetStore Demo (1)/a_K9-BD-01' is clicked on

2023-11-22 12:33:04 - [MESSAGE][PASSED] - Object: 'Object Repository/My_1st_OR_MSK/Page_JPetStore Demo (1)/a_K9-BD-01' is clicked on

2023-11-22 12:33:04 - [TEST_STEP][PASSED] - click(findTestObject("Object Repository/My_1st_OR_MSK/Page_JPetStore Demo (1)/a_Add to Cart")): Object: 'Object Repository/My_1st_OR_MSK/Page_JPetStore Demo (1)/a_Add to Cart' is clicked on

2023-11-22 12:33:36 - [MESSAGE][INFO] - Unable to find the element located by 'By.xpath: //div[@id='Catalog']/table/tbody/tr[2]/td[5]/a'. Please recheck the objects properties to make sure the desired element is located. 

2023-11-22 12:33:36 - [MESSAGE][WARNING] - [SELF-HEALING] Failed to find element with id 'Object Repository/My_1st_OR_MSK/Page_JPetStore Demo (1)/a_Add to Cart'. Try using Self-healing.

2023-11-22 12:33:36 - [MESSAGE][INFO] - [SELF-HEALING] Failed Locator: '//div[@id='Catalog']/table/tbody/tr[2]/td[5]/a'.

2023-11-22 12:33:36 - [MESSAGE][INFO] - [SELF-HEALING] Working Locator: '//a[contains(text(),'Add to Cart')]'.

2023-11-22 12:33:37 - [MESSAGE][INFO] - [SELF-HEALING] Screenshot: C:/Users/ADMIN/git/Katalon-to-Git/My_Katalon_1st_DemoProject_Msk/Reports/Self-healing/Object Repository/My_1st_OR_MSK/Page_JPetStore Demo (1)/a_Add to Cart_link.png

2023-11-22 12:33:37 - [MESSAGE][WARNING] - [SELF-HEALING] The current locator of test object 'Object Repository/My_1st_OR_MSK/Page_JPetStore Demo (1)/a_Add to Cart' was broken. Propose an alternative one: '//a[contains(text(),'Add to Cart')]'.

2023-11-22 12:33:40 - [MESSAGE][PASSED] - Object: 'Object Repository/My_1st_OR_MSK/Page_JPetStore Demo (1)/a_Add to Cart' is clicked on

2023-11-22 12:33:40 - [TEST_STEP][PASSED] - click(findTestObject("Object Repository/My_1st_OR_MSK/Page_JPetStore Demo (1)/button_Update Cart")): Object: 'Object Repository/My_1st_OR_MSK/Page_JPetStore Demo (1)/button_Update Cart' is clicked on

2023-11-22 12:33:42 - [MESSAGE][PASSED] - Object: 'Object Repository/My_1st_OR_MSK/Page_JPetStore Demo (1)/button_Update Cart' is clicked on

2023-11-22 12:33:42 - [TEST_STEP][PASSED] - click(findTestObject("Object Repository/My_1st_OR_MSK/Page_JPetStore Demo (1)/a_Proceed to Checkout")): Object: 'Object Repository/My_1st_OR_MSK/Page_JPetStore Demo (1)/a_Proceed to Checkout' is clicked on

2023-11-22 12:33:45 - [MESSAGE][PASSED] - Object: 'Object Repository/My_1st_OR_MSK/Page_JPetStore Demo (1)/a_Proceed to Checkout' is clicked on

2023-11-22 12:33:45 - [TEST_STEP][PASSED] - click(findTestObject("Object Repository/My_1st_OR_MSK/Page_JPetStore Demo (1)/button_Login")): Object: 'Object Repository/My_1st_OR_MSK/Page_JPetStore Demo (1)/button_Login' is clicked on

2023-11-22 12:33:47 - [MESSAGE][PASSED] - Object: 'Object Repository/My_1st_OR_MSK/Page_JPetStore Demo (1)/button_Login' is clicked on

2023-11-22 12:33:47 - [TEST_STEP][PASSED] - click(findTestObject("Object Repository/My_1st_OR_MSK/Page_JPetStore Demo (1)/button_Continue")): Object: 'Object Repository/My_1st_OR_MSK/Page_JPetStore Demo (1)/button_Continue' is clicked on

2023-11-22 12:33:51 - [MESSAGE][PASSED] - Object: 'Object Repository/My_1st_OR_MSK/Page_JPetStore Demo (1)/button_Continue' is clicked on

2023-11-22 12:33:51 - [TEST_STEP][PASSED] - click(findTestObject("Object Repository/My_1st_OR_MSK/Page_JPetStore Demo (1)/button_Continue")): Object: 'Object Repository/My_1st_OR_MSK/Page_JPetStore Demo (1)/button_Continue' is clicked on

2023-11-22 12:34:00 - [MESSAGE][PASSED] - Object: 'Object Repository/My_1st_OR_MSK/Page_JPetStore Demo (1)/button_Continue' is clicked on

2023-11-22 12:34:00 - [TEST_STEP][PASSED] - click(findTestObject("Object Repository/My_1st_OR_MSK/Page_JPetStore Demo (1)/button_Continue")): Object: 'Object Repository/My_1st_OR_MSK/Page_JPetStore Demo (1)/button_Continue' is clicked on

2023-11-22 12:34:01 - [MESSAGE][PASSED] - Object: 'Object Repository/My_1st_OR_MSK/Page_JPetStore Demo (1)/button_Continue' is clicked on

2023-11-22 12:34:01 - [TEST_STEP][PASSED] - click(findTestObject("Object Repository/My_1st_OR_MSK/Page_JPetStore Demo (1)/button_Continue")): Object: 'Object Repository/My_1st_OR_MSK/Page_JPetStore Demo (1)/button_Continue' is clicked on

2023-11-22 12:34:02 - [MESSAGE][PASSED] - Object: 'Object Repository/My_1st_OR_MSK/Page_JPetStore Demo (1)/button_Continue' is clicked on

2023-11-22 12:34:02 - [TEST_STEP][PASSED] - setText(findTestObject("Object Repository/My_1st_OR_MSK/Page_JPetStore Demo (1)/input_Zip_billZip"), "1566"): Text '1566' is set on object 'Object Repository/My_1st_OR_MSK/Page_JPetStore Demo (1)/input_Zip_billZip'

2023-11-22 12:34:03 - [MESSAGE][PASSED] - Text '1566' is set on object 'Object Repository/My_1st_OR_MSK/Page_JPetStore Demo (1)/input_Zip_billZip'

2023-11-22 12:34:03 - [TEST_STEP][PASSED] - click(findTestObject("Object Repository/My_1st_OR_MSK/Page_JPetStore Demo (1)/button_Continue")): Object: 'Object Repository/My_1st_OR_MSK/Page_JPetStore Demo (1)/button_Continue' is clicked on

2023-11-22 12:34:04 - [MESSAGE][PASSED] - Object: 'Object Repository/My_1st_OR_MSK/Page_JPetStore Demo (1)/button_Continue' is clicked on

2023-11-22 12:34:04 - [TEST_STEP][PASSED] - click(findTestObject("Object Repository/My_1st_OR_MSK/Page_JPetStore Demo (1)/button_Confirm")): Object: 'Object Repository/My_1st_OR_MSK/Page_JPetStore Demo (1)/button_Confirm' is clicked on

2023-11-22 12:34:09 - [MESSAGE][PASSED] - Object: 'Object Repository/My_1st_OR_MSK/Page_JPetStore Demo (1)/button_Confirm' is clicked on

2023-11-22 12:34:09 - [TEST_STEP][PASSED] - closeBrowser(): Browser is closed

2023-11-22 12:34:10 - [MESSAGE][PASSED] - Browser is closed]]></system-out>
         <system-err><![CDATA[]]></system-err>
      </testcase>
      <testcase name="Test Cases/JPetStore/My_1st_TestCase_Msk" time="33.516" classname="Test Cases/JPetStore/My_1st_TestCase_Msk" status="PASSED">
         <system-out><![CDATA[2023-11-22 12:34:10 - [TEST_CASE][PASSED] - Test Cases/JPetStore/My_1st_TestCase_Msk: Test Cases/JPetStore/My_1st_TestCase_Msk

2023-11-22 12:34:11 - [TEST_STEP][PASSED] - openBrowser(""): Browser is opened with url: ''

2023-11-22 12:34:11 - [MESSAGE][INFO] - Starting 'Chrome' driver

2023-11-22 12:34:11 - [MESSAGE][INFO] - Action delay is set to 0 milliseconds

2023-11-22 12:34:12 - [MESSAGE][PASSED] - Browser is opened with url: ''

2023-11-22 12:34:12 - [TEST_STEP][PASSED] - navigateToUrl("https://jpetstore.aspectran.com/catalog/"): Navigate to 'https://jpetstore.aspectran.com/catalog/' successfully

2023-11-22 12:34:16 - [MESSAGE][PASSED] - Navigate to 'https://jpetstore.aspectran.com/catalog/' successfully

2023-11-22 12:34:16 - [TEST_STEP][PASSED] - click(findTestObject("Object Repository/My_1st_OR_MSK/Page_JPetStore Demo/a_Fish")): Object: 'Object Repository/My_1st_OR_MSK/Page_JPetStore Demo/a_Fish' is clicked on

2023-11-22 12:34:17 - [MESSAGE][PASSED] - Object: 'Object Repository/My_1st_OR_MSK/Page_JPetStore Demo/a_Fish' is clicked on

2023-11-22 12:34:17 - [TEST_STEP][PASSED] - click(findTestObject("Object Repository/My_1st_OR_MSK/Page_JPetStore Demo/a_FI-SW-01")): Object: 'Object Repository/My_1st_OR_MSK/Page_JPetStore Demo/a_FI-SW-01' is clicked on

2023-11-22 12:34:18 - [MESSAGE][PASSED] - Object: 'Object Repository/My_1st_OR_MSK/Page_JPetStore Demo/a_FI-SW-01' is clicked on

2023-11-22 12:34:18 - [TEST_STEP][PASSED] - click(findTestObject("Object Repository/My_1st_OR_MSK/Page_JPetStore Demo/a_Add to Cart")): Object: 'Object Repository/My_1st_OR_MSK/Page_JPetStore Demo/a_Add to Cart' is clicked on

2023-11-22 12:34:22 - [MESSAGE][PASSED] - Object: 'Object Repository/My_1st_OR_MSK/Page_JPetStore Demo/a_Add to Cart' is clicked on

2023-11-22 12:34:22 - [TEST_STEP][PASSED] - setText(findTestObject("Object Repository/My_1st_OR_MSK/Page_JPetStore Demo/input_true_EST-1"), "2"): Text '2' is set on object 'Object Repository/My_1st_OR_MSK/Page_JPetStore Demo/input_true_EST-1'

2023-11-22 12:34:22 - [MESSAGE][PASSED] - Text '2' is set on object 'Object Repository/My_1st_OR_MSK/Page_JPetStore Demo/input_true_EST-1'

2023-11-22 12:34:22 - [TEST_STEP][PASSED] - click(findTestObject("Object Repository/My_1st_OR_MSK/Page_JPetStore Demo/button_Update Cart")): Object: 'Object Repository/My_1st_OR_MSK/Page_JPetStore Demo/button_Update Cart' is clicked on

2023-11-22 12:34:25 - [MESSAGE][PASSED] - Object: 'Object Repository/My_1st_OR_MSK/Page_JPetStore Demo/button_Update Cart' is clicked on

2023-11-22 12:34:25 - [TEST_STEP][PASSED] - click(findTestObject("Object Repository/My_1st_OR_MSK/Page_JPetStore Demo/a_Proceed to Checkout")): Object: 'Object Repository/My_1st_OR_MSK/Page_JPetStore Demo/a_Proceed to Checkout' is clicked on

2023-11-22 12:34:26 - [MESSAGE][PASSED] - Object: 'Object Repository/My_1st_OR_MSK/Page_JPetStore Demo/a_Proceed to Checkout' is clicked on

2023-11-22 12:34:26 - [TEST_STEP][PASSED] - click(findTestObject("Object Repository/My_1st_OR_MSK/Page_JPetStore Demo/button_Login")): Object: 'Object Repository/My_1st_OR_MSK/Page_JPetStore Demo/button_Login' is clicked on

2023-11-22 12:34:30 - [MESSAGE][PASSED] - Object: 'Object Repository/My_1st_OR_MSK/Page_JPetStore Demo/button_Login' is clicked on

2023-11-22 12:34:30 - [TEST_STEP][PASSED] - click(findTestObject("Object Repository/My_1st_OR_MSK/Page_JPetStore Demo/button_Continue")): Object: 'Object Repository/My_1st_OR_MSK/Page_JPetStore Demo/button_Continue' is clicked on

2023-11-22 12:34:32 - [MESSAGE][PASSED] - Object: 'Object Repository/My_1st_OR_MSK/Page_JPetStore Demo/button_Continue' is clicked on

2023-11-22 12:34:32 - [TEST_STEP][PASSED] - click(findTestObject("Object Repository/My_1st_OR_MSK/Page_JPetStore Demo/input_Ship to different address_shippingAdd_0f9b79")): Object: 'Object Repository/My_1st_OR_MSK/Page_JPetStore Demo/input_Ship to different address_shippingAdd_0f9b79' is clicked on

2023-11-22 12:34:33 - [MESSAGE][PASSED] - Object: 'Object Repository/My_1st_OR_MSK/Page_JPetStore Demo/input_Ship to different address_shippingAdd_0f9b79' is clicked on

2023-11-22 12:34:33 - [TEST_STEP][PASSED] - setText(findTestObject("Object Repository/My_1st_OR_MSK/Page_JPetStore Demo/input_Zip_billZip"), "12356"): Text '12356' is set on object 'Object Repository/My_1st_OR_MSK/Page_JPetStore Demo/input_Zip_billZip'

2023-11-22 12:34:33 - [MESSAGE][PASSED] - Text '12356' is set on object 'Object Repository/My_1st_OR_MSK/Page_JPetStore Demo/input_Zip_billZip'

2023-11-22 12:34:33 - [TEST_STEP][PASSED] - click(findTestObject("Object Repository/My_1st_OR_MSK/Page_JPetStore Demo/button_Continue")): Object: 'Object Repository/My_1st_OR_MSK/Page_JPetStore Demo/button_Continue' is clicked on

2023-11-22 12:34:35 - [MESSAGE][PASSED] - Object: 'Object Repository/My_1st_OR_MSK/Page_JPetStore Demo/button_Continue' is clicked on

2023-11-22 12:34:35 - [TEST_STEP][PASSED] - click(findTestObject("Object Repository/My_1st_OR_MSK/Page_JPetStore Demo/button_Continue")): Object: 'Object Repository/My_1st_OR_MSK/Page_JPetStore Demo/button_Continue' is clicked on

2023-11-22 12:34:37 - [MESSAGE][PASSED] - Object: 'Object Repository/My_1st_OR_MSK/Page_JPetStore Demo/button_Continue' is clicked on

2023-11-22 12:34:37 - [TEST_STEP][PASSED] - setText(findTestObject("Object Repository/My_1st_OR_MSK/Page_JPetStore Demo/input_Zip_shipZip"), "1256"): Text '1256' is set on object 'Object Repository/My_1st_OR_MSK/Page_JPetStore Demo/input_Zip_shipZip'

2023-11-22 12:34:38 - [MESSAGE][PASSED] - Text '1256' is set on object 'Object Repository/My_1st_OR_MSK/Page_JPetStore Demo/input_Zip_shipZip'

2023-11-22 12:34:38 - [TEST_STEP][PASSED] - click(findTestObject("Object Repository/My_1st_OR_MSK/Page_JPetStore Demo/button_Continue")): Object: 'Object Repository/My_1st_OR_MSK/Page_JPetStore Demo/button_Continue' is clicked on

2023-11-22 12:34:38 - [MESSAGE][PASSED] - Object: 'Object Repository/My_1st_OR_MSK/Page_JPetStore Demo/button_Continue' is clicked on

2023-11-22 12:34:38 - [TEST_STEP][PASSED] - click(findTestObject("Object Repository/My_1st_OR_MSK/Page_JPetStore Demo/button_Confirm")): Object: 'Object Repository/My_1st_OR_MSK/Page_JPetStore Demo/button_Confirm' is clicked on

2023-11-22 12:34:43 - [MESSAGE][PASSED] - Object: 'Object Repository/My_1st_OR_MSK/Page_JPetStore Demo/button_Confirm' is clicked on

2023-11-22 12:34:43 - [TEST_STEP][PASSED] - closeBrowser(): Browser is closed

2023-11-22 12:34:43 - [MESSAGE][PASSED] - Browser is closed]]></system-out>
         <system-err><![CDATA[]]></system-err>
      </testcase>
      <system-out><![CDATA[2023-11-22 12:32:51 - [TEST_SUITE][PASSED] - My_2nd_TestSuite: Test Cases/JPetStore/My_1st_TestCase_Msk]]></system-out>
      <system-err><![CDATA[]]></system-err>
   </testsuite>
</testsuites>
